[100%] Built target pose_subscriber
[100%] Built target velocity_publisher
-- Install configuration: ""
-- Up-to-date: /home/suibian9106/mycodes/ros_workspace/colcon_ws/install/learning_topic/lib/learning_topic/velocity_publisher
-- Up-to-date: /home/suibian9106/mycodes/ros_workspace/colcon_ws/install/learning_topic/lib/learning_topic/pose_subscriber
-- Up-to-date: /home/suibian9106/mycodes/ros_workspace/colcon_ws/install/learning_topic/share/ament_index/resource_index/package_run_dependencies/learning_topic
-- Up-to-date: /home/suibian9106/mycodes/ros_workspace/colcon_ws/install/learning_topic/share/ament_index/resource_index/parent_prefix_path/learning_topic
-- Up-to-date: /home/suibian9106/mycodes/ros_workspace/colcon_ws/install/learning_topic/share/learning_topic/environment/ament_prefix_path.sh
-- Up-to-date: /home/suibian9106/mycodes/ros_workspace/colcon_ws/install/learning_topic/share/learning_topic/environment/ament_prefix_path.dsv
-- Up-to-date: /home/suibian9106/mycodes/ros_workspace/colcon_ws/install/learning_topic/share/learning_topic/environment/path.sh
-- Up-to-date: /home/suibian9106/mycodes/ros_workspace/colcon_ws/install/learning_topic/share/learning_topic/environment/path.dsv
-- Up-to-date: /home/suibian9106/mycodes/ros_workspace/colcon_ws/install/learning_topic/share/learning_topic/local_setup.bash
-- Up-to-date: /home/suibian9106/mycodes/ros_workspace/colcon_ws/install/learning_topic/share/learning_topic/local_setup.sh
-- Up-to-date: /home/suibian9106/mycodes/ros_workspace/colcon_ws/install/learning_topic/share/learning_topic/local_setup.zsh
-- Up-to-date: /home/suibian9106/mycodes/ros_workspace/colcon_ws/install/learning_topic/share/learning_topic/local_setup.dsv
-- Installing: /home/suibian9106/mycodes/ros_workspace/colcon_ws/install/learning_topic/share/learning_topic/package.dsv
-- Up-to-date: /home/suibian9106/mycodes/ros_workspace/colcon_ws/install/learning_topic/share/ament_index/resource_index/packages/learning_topic
-- Up-to-date: /home/suibian9106/mycodes/ros_workspace/colcon_ws/install/learning_topic/share/learning_topic/cmake/learning_topicConfig.cmake
-- Up-to-date: /home/suibian9106/mycodes/ros_workspace/colcon_ws/install/learning_topic/share/learning_topic/cmake/learning_topicConfig-version.cmake
-- Up-to-date: /home/suibian9106/mycodes/ros_workspace/colcon_ws/install/learning_topic/share/learning_topic/package.xml
