[0.034s] Invoking command in '/home/suibian9106/mycodes/ros_workspace/colcon_ws/build/learning_topic': CMAKE_PREFIX_PATH=${CMAKE_PREFIX_PATH}:/opt/ros/foxy /usr/bin/cmake --build /home/suibian9106/mycodes/ros_workspace/colcon_ws/build/learning_topic -- -j2 -l2
[0.154s] [100%] Built target pose_subscriber
[0.155s] [100%] Built target velocity_publisher
[0.168s] Invoked command in '/home/suibian9106/mycodes/ros_workspace/colcon_ws/build/learning_topic' returned '0': CMAKE_PREFIX_PATH=${CMAKE_PREFIX_PATH}:/opt/ros/foxy /usr/bin/cmake --build /home/suibian9106/mycodes/ros_workspace/colcon_ws/build/learning_topic -- -j2 -l2
[0.188s] Invoking command in '/home/suibian9106/mycodes/ros_workspace/colcon_ws/build/learning_topic': CMAKE_PREFIX_PATH=${CMAKE_PREFIX_PATH}:/opt/ros/foxy /usr/bin/cmake --install /home/suibian9106/mycodes/ros_workspace/colcon_ws/build/learning_topic
[0.199s] -- Install configuration: ""
[0.208s] -- Up-to-date: /home/suibian9106/mycodes/ros_workspace/colcon_ws/install/learning_topic/lib/learning_topic/velocity_publisher
[0.212s] -- Up-to-date: /home/suibian9106/mycodes/ros_workspace/colcon_ws/install/learning_topic/lib/learning_topic/pose_subscriber
[0.213s] -- Up-to-date: /home/suibian9106/mycodes/ros_workspace/colcon_ws/install/learning_topic/share/ament_index/resource_index/package_run_dependencies/learning_topic
[0.213s] -- Up-to-date: /home/suibian9106/mycodes/ros_workspace/colcon_ws/install/learning_topic/share/ament_index/resource_index/parent_prefix_path/learning_topic
[0.216s] -- Up-to-date: /home/suibian9106/mycodes/ros_workspace/colcon_ws/install/learning_topic/share/learning_topic/environment/ament_prefix_path.sh
[0.216s] -- Up-to-date: /home/suibian9106/mycodes/ros_workspace/colcon_ws/install/learning_topic/share/learning_topic/environment/ament_prefix_path.dsv
[0.216s] -- Up-to-date: /home/suibian9106/mycodes/ros_workspace/colcon_ws/install/learning_topic/share/learning_topic/environment/path.sh
[0.218s] -- Up-to-date: /home/suibian9106/mycodes/ros_workspace/colcon_ws/install/learning_topic/share/learning_topic/environment/path.dsv
[0.218s] -- Up-to-date: /home/suibian9106/mycodes/ros_workspace/colcon_ws/install/learning_topic/share/learning_topic/local_setup.bash
[0.219s] -- Up-to-date: /home/suibian9106/mycodes/ros_workspace/colcon_ws/install/learning_topic/share/learning_topic/local_setup.sh
[0.219s] -- Up-to-date: /home/suibian9106/mycodes/ros_workspace/colcon_ws/install/learning_topic/share/learning_topic/local_setup.zsh
[0.220s] -- Up-to-date: /home/suibian9106/mycodes/ros_workspace/colcon_ws/install/learning_topic/share/learning_topic/local_setup.dsv
[0.221s] -- Installing: /home/suibian9106/mycodes/ros_workspace/colcon_ws/install/learning_topic/share/learning_topic/package.dsv
[0.221s] -- Up-to-date: /home/suibian9106/mycodes/ros_workspace/colcon_ws/install/learning_topic/share/ament_index/resource_index/packages/learning_topic
[0.222s] -- Up-to-date: /home/suibian9106/mycodes/ros_workspace/colcon_ws/install/learning_topic/share/learning_topic/cmake/learning_topicConfig.cmake
[0.222s] -- Up-to-date: /home/suibian9106/mycodes/ros_workspace/colcon_ws/install/learning_topic/share/learning_topic/cmake/learning_topicConfig-version.cmake
[0.223s] -- Up-to-date: /home/suibian9106/mycodes/ros_workspace/colcon_ws/install/learning_topic/share/learning_topic/package.xml
[0.223s] Invoked command in '/home/suibian9106/mycodes/ros_workspace/colcon_ws/build/learning_topic' returned '0': CMAKE_PREFIX_PATH=${CMAKE_PREFIX_PATH}:/opt/ros/foxy /usr/bin/cmake --install /home/suibian9106/mycodes/ros_workspace/colcon_ws/build/learning_topic
