[1.017s] DEBUG:colcon:Command line arguments: ['/usr/bin/colcon', 'build']
[1.017s] DEBUG:colcon:Parsed command line arguments: Namespace(allow_overriding=[], ament_cmake_args=None, base_paths=['.'], build_base='build', catkin_cmake_args=None, catkin_skip_building_tests=False, cmake_args=None, cmake_clean_cache=False, cmake_clean_first=False, cmake_force_configure=False, cmake_target=None, cmake_target_skip_unavailable=False, continue_on_error=False, event_handlers=None, executor='parallel', ignore_user_meta=False, install_base='install', log_base=None, log_level=None, main=<bound method BuildVerb.main of <colcon_core.verb.build.BuildVerb object at 0x7f02d548cb50>>, merge_install=False, metas=['./colcon.meta'], packages_above=None, packages_above_and_dependencies=None, packages_above_depth=None, packages_end=None, packages_ignore=None, packages_ignore_regex=None, packages_select=None, packages_select_build_failed=False, packages_select_by_dep=None, packages_select_regex=None, packages_select_test_failures=False, packages_skip=None, packages_skip_build_finished=False, packages_skip_by_dep=None, packages_skip_regex=None, packages_skip_test_passed=False, packages_skip_up_to=None, packages_start=None, packages_up_to=None, packages_up_to_regex=None, parallel_workers=2, paths=None, symlink_install=False, test_result_base=None, verb_extension=<colcon_core.verb.build.BuildVerb object at 0x7f02d548cb50>, verb_name='build', verb_parser=<colcon_defaults.argument_parser.defaults.DefaultArgumentsDecorator object at 0x7f02d549d040>)
[1.230s] Level 1:colcon.colcon_core.package_discovery:discover_packages(colcon_meta) check parameters
[1.230s] Level 1:colcon.colcon_core.package_discovery:discover_packages(recursive) check parameters
[1.230s] Level 1:colcon.colcon_core.package_discovery:discover_packages(ignore) check parameters
[1.230s] Level 1:colcon.colcon_core.package_discovery:discover_packages(path) check parameters
[1.230s] Level 1:colcon.colcon_core.package_discovery:discover_packages(colcon_meta) discover
[1.230s] Level 1:colcon.colcon_core.package_discovery:discover_packages(recursive) discover
[1.230s] INFO:colcon.colcon_core.package_discovery:Crawling recursively for packages in '/home/suibian9106/mycodes/ros_workspace/colcon_ws'
[1.231s] Level 1:colcon.colcon_core.package_identification:_identify(.) by extensions ['ignore', 'ignore_ament_install']
[1.231s] Level 1:colcon.colcon_core.package_identification:_identify(.) by extension 'ignore'
[1.231s] Level 1:colcon.colcon_core.package_identification:_identify(.) by extension 'ignore_ament_install'
[1.231s] Level 1:colcon.colcon_core.package_identification:_identify(.) by extensions ['colcon_pkg']
[1.231s] Level 1:colcon.colcon_core.package_identification:_identify(.) by extension 'colcon_pkg'
[1.231s] Level 1:colcon.colcon_core.package_identification:_identify(.) by extensions ['colcon_meta']
[1.231s] Level 1:colcon.colcon_core.package_identification:_identify(.) by extension 'colcon_meta'
[1.231s] Level 1:colcon.colcon_core.package_identification:_identify(.) by extensions ['ros']
[1.231s] Level 1:colcon.colcon_core.package_identification:_identify(.) by extension 'ros'
[1.256s] Level 1:colcon.colcon_core.package_identification:_identify(.) by extensions ['cmake', 'python']
[1.256s] Level 1:colcon.colcon_core.package_identification:_identify(.) by extension 'cmake'
[1.256s] Level 1:colcon.colcon_core.package_identification:_identify(.) by extension 'python'
[1.256s] Level 1:colcon.colcon_core.package_identification:_identify(.) by extensions ['python_setup_py']
[1.256s] Level 1:colcon.colcon_core.package_identification:_identify(.) by extension 'python_setup_py'
[1.256s] Level 1:colcon.colcon_core.package_identification:_identify(build) by extensions ['ignore', 'ignore_ament_install']
[1.256s] Level 1:colcon.colcon_core.package_identification:_identify(build) by extension 'ignore'
[1.256s] Level 1:colcon.colcon_core.package_identification:_identify(build) ignored
[1.257s] Level 1:colcon.colcon_core.package_identification:_identify(install) by extensions ['ignore', 'ignore_ament_install']
[1.257s] Level 1:colcon.colcon_core.package_identification:_identify(install) by extension 'ignore'
[1.257s] Level 1:colcon.colcon_core.package_identification:_identify(install) ignored
[1.257s] Level 1:colcon.colcon_core.package_identification:_identify(log) by extensions ['ignore', 'ignore_ament_install']
[1.257s] Level 1:colcon.colcon_core.package_identification:_identify(log) by extension 'ignore'
[1.257s] Level 1:colcon.colcon_core.package_identification:_identify(log) ignored
[1.257s] Level 1:colcon.colcon_core.package_identification:_identify(src) by extensions ['ignore', 'ignore_ament_install']
[1.257s] Level 1:colcon.colcon_core.package_identification:_identify(src) by extension 'ignore'
[1.257s] Level 1:colcon.colcon_core.package_identification:_identify(src) by extension 'ignore_ament_install'
[1.257s] Level 1:colcon.colcon_core.package_identification:_identify(src) by extensions ['colcon_pkg']
[1.257s] Level 1:colcon.colcon_core.package_identification:_identify(src) by extension 'colcon_pkg'
[1.257s] Level 1:colcon.colcon_core.package_identification:_identify(src) by extensions ['colcon_meta']
[1.257s] Level 1:colcon.colcon_core.package_identification:_identify(src) by extension 'colcon_meta'
[1.257s] Level 1:colcon.colcon_core.package_identification:_identify(src) by extensions ['ros']
[1.257s] Level 1:colcon.colcon_core.package_identification:_identify(src) by extension 'ros'
[1.257s] Level 1:colcon.colcon_core.package_identification:_identify(src) by extensions ['cmake', 'python']
[1.257s] Level 1:colcon.colcon_core.package_identification:_identify(src) by extension 'cmake'
[1.257s] Level 1:colcon.colcon_core.package_identification:_identify(src) by extension 'python'
[1.257s] Level 1:colcon.colcon_core.package_identification:_identify(src) by extensions ['python_setup_py']
[1.257s] Level 1:colcon.colcon_core.package_identification:_identify(src) by extension 'python_setup_py'
[1.257s] Level 1:colcon.colcon_core.package_identification:_identify(src/learning_service) by extensions ['ignore', 'ignore_ament_install']
[1.258s] Level 1:colcon.colcon_core.package_identification:_identify(src/learning_service) by extension 'ignore'
[1.258s] Level 1:colcon.colcon_core.package_identification:_identify(src/learning_service) by extension 'ignore_ament_install'
[1.258s] Level 1:colcon.colcon_core.package_identification:_identify(src/learning_service) by extensions ['colcon_pkg']
[1.258s] Level 1:colcon.colcon_core.package_identification:_identify(src/learning_service) by extension 'colcon_pkg'
[1.258s] Level 1:colcon.colcon_core.package_identification:_identify(src/learning_service) by extensions ['colcon_meta']
[1.258s] Level 1:colcon.colcon_core.package_identification:_identify(src/learning_service) by extension 'colcon_meta'
[1.258s] Level 1:colcon.colcon_core.package_identification:_identify(src/learning_service) by extensions ['ros']
[1.258s] Level 1:colcon.colcon_core.package_identification:_identify(src/learning_service) by extension 'ros'
[1.265s] DEBUG:colcon.colcon_core.package_identification:Package 'src/learning_service' with type 'ros.ament_cmake' and name 'learning_service'
[1.265s] Level 1:colcon.colcon_core.package_identification:_identify(src/learning_topic) by extensions ['ignore', 'ignore_ament_install']
[1.265s] Level 1:colcon.colcon_core.package_identification:_identify(src/learning_topic) by extension 'ignore'
[1.265s] Level 1:colcon.colcon_core.package_identification:_identify(src/learning_topic) by extension 'ignore_ament_install'
[1.265s] Level 1:colcon.colcon_core.package_identification:_identify(src/learning_topic) by extensions ['colcon_pkg']
[1.265s] Level 1:colcon.colcon_core.package_identification:_identify(src/learning_topic) by extension 'colcon_pkg'
[1.265s] Level 1:colcon.colcon_core.package_identification:_identify(src/learning_topic) by extensions ['colcon_meta']
[1.265s] Level 1:colcon.colcon_core.package_identification:_identify(src/learning_topic) by extension 'colcon_meta'
[1.265s] Level 1:colcon.colcon_core.package_identification:_identify(src/learning_topic) by extensions ['ros']
[1.266s] Level 1:colcon.colcon_core.package_identification:_identify(src/learning_topic) by extension 'ros'
[1.266s] DEBUG:colcon.colcon_core.package_identification:Package 'src/learning_topic' with type 'ros.ament_cmake' and name 'learning_topic'
[1.266s] Level 1:colcon.colcon_core.package_discovery:discover_packages(recursive) using defaults
[1.266s] Level 1:colcon.colcon_core.package_discovery:discover_packages(ignore) discover
[1.266s] Level 1:colcon.colcon_core.package_discovery:discover_packages(ignore) using defaults
[1.266s] Level 1:colcon.colcon_core.package_discovery:discover_packages(path) discover
[1.267s] Level 1:colcon.colcon_core.package_discovery:discover_packages(path) using defaults
[1.321s] Level 1:colcon.colcon_core.package_discovery:discover_packages(prefix_path) check parameters
[1.321s] Level 1:colcon.colcon_core.package_discovery:discover_packages(prefix_path) discover
[1.325s] DEBUG:colcon.colcon_installed_package_information.package_discovery:Found 1 installed packages in /home/suibian9106/mycodes/ros_workspace/colcon_ws/install
[1.327s] DEBUG:colcon.colcon_installed_package_information.package_discovery:Found 270 installed packages in /opt/ros/foxy
[1.328s] Level 1:colcon.colcon_core.package_discovery:discover_packages(prefix_path) using defaults
[1.411s] Level 5:colcon.colcon_core.verb:set package 'learning_service' build argument 'cmake_args' from command line to 'None'
[1.411s] Level 5:colcon.colcon_core.verb:set package 'learning_service' build argument 'cmake_target' from command line to 'None'
[1.411s] Level 5:colcon.colcon_core.verb:set package 'learning_service' build argument 'cmake_target_skip_unavailable' from command line to 'False'
[1.411s] Level 5:colcon.colcon_core.verb:set package 'learning_service' build argument 'cmake_clean_cache' from command line to 'False'
[1.411s] Level 5:colcon.colcon_core.verb:set package 'learning_service' build argument 'cmake_clean_first' from command line to 'False'
[1.411s] Level 5:colcon.colcon_core.verb:set package 'learning_service' build argument 'cmake_force_configure' from command line to 'False'
[1.411s] Level 5:colcon.colcon_core.verb:set package 'learning_service' build argument 'ament_cmake_args' from command line to 'None'
[1.411s] Level 5:colcon.colcon_core.verb:set package 'learning_service' build argument 'catkin_cmake_args' from command line to 'None'
[1.411s] Level 5:colcon.colcon_core.verb:set package 'learning_service' build argument 'catkin_skip_building_tests' from command line to 'False'
[1.411s] DEBUG:colcon.colcon_core.verb:Building package 'learning_service' with the following arguments: {'ament_cmake_args': None, 'build_base': '/home/suibian9106/mycodes/ros_workspace/colcon_ws/build/learning_service', 'catkin_cmake_args': None, 'catkin_skip_building_tests': False, 'cmake_args': None, 'cmake_clean_cache': False, 'cmake_clean_first': False, 'cmake_force_configure': False, 'cmake_target': None, 'cmake_target_skip_unavailable': False, 'install_base': '/home/suibian9106/mycodes/ros_workspace/colcon_ws/install/learning_service', 'merge_install': False, 'path': '/home/suibian9106/mycodes/ros_workspace/colcon_ws/src/learning_service', 'symlink_install': False, 'test_result_base': None}
[1.412s] Level 5:colcon.colcon_core.verb:set package 'learning_topic' build argument 'cmake_args' from command line to 'None'
[1.412s] Level 5:colcon.colcon_core.verb:set package 'learning_topic' build argument 'cmake_target' from command line to 'None'
[1.412s] Level 5:colcon.colcon_core.verb:set package 'learning_topic' build argument 'cmake_target_skip_unavailable' from command line to 'False'
[1.412s] Level 5:colcon.colcon_core.verb:set package 'learning_topic' build argument 'cmake_clean_cache' from command line to 'False'
[1.412s] Level 5:colcon.colcon_core.verb:set package 'learning_topic' build argument 'cmake_clean_first' from command line to 'False'
[1.412s] Level 5:colcon.colcon_core.verb:set package 'learning_topic' build argument 'cmake_force_configure' from command line to 'False'
[1.412s] Level 5:colcon.colcon_core.verb:set package 'learning_topic' build argument 'ament_cmake_args' from command line to 'None'
[1.412s] Level 5:colcon.colcon_core.verb:set package 'learning_topic' build argument 'catkin_cmake_args' from command line to 'None'
[1.412s] Level 5:colcon.colcon_core.verb:set package 'learning_topic' build argument 'catkin_skip_building_tests' from command line to 'False'
[1.412s] DEBUG:colcon.colcon_core.verb:Building package 'learning_topic' with the following arguments: {'ament_cmake_args': None, 'build_base': '/home/suibian9106/mycodes/ros_workspace/colcon_ws/build/learning_topic', 'catkin_cmake_args': None, 'catkin_skip_building_tests': False, 'cmake_args': None, 'cmake_clean_cache': False, 'cmake_clean_first': False, 'cmake_force_configure': False, 'cmake_target': None, 'cmake_target_skip_unavailable': False, 'install_base': '/home/suibian9106/mycodes/ros_workspace/colcon_ws/install/learning_topic', 'merge_install': False, 'path': '/home/suibian9106/mycodes/ros_workspace/colcon_ws/src/learning_topic', 'symlink_install': False, 'test_result_base': None}
[1.412s] INFO:colcon.colcon_core.executor:Executing jobs using 'parallel' executor
[1.413s] DEBUG:colcon.colcon_parallel_executor.executor.parallel:run_until_complete
[1.414s] INFO:colcon.colcon_ros.task.ament_cmake.build:Building ROS package in '/home/suibian9106/mycodes/ros_workspace/colcon_ws/src/learning_service' with build type 'ament_cmake'
[1.414s] INFO:colcon.colcon_cmake.task.cmake.build:Building CMake package in '/home/suibian9106/mycodes/ros_workspace/colcon_ws/src/learning_service'
[1.426s] INFO:colcon.colcon_core.plugin_system:Skipping extension 'colcon_core.shell.bat': Not used on non-Windows systems
[1.426s] INFO:colcon.colcon_core.shell:Skip shell extension 'powershell' for command environment: Not usable outside of PowerShell
[1.427s] DEBUG:colcon.colcon_core.shell:Skip shell extension 'dsv' for command environment
[1.431s] INFO:colcon.colcon_ros.task.ament_cmake.build:Building ROS package in '/home/suibian9106/mycodes/ros_workspace/colcon_ws/src/learning_topic' with build type 'ament_cmake'
[1.432s] INFO:colcon.colcon_cmake.task.cmake.build:Building CMake package in '/home/suibian9106/mycodes/ros_workspace/colcon_ws/src/learning_topic'
[1.433s] INFO:colcon.colcon_core.shell:Skip shell extension 'powershell' for command environment: Not usable outside of PowerShell
[1.433s] DEBUG:colcon.colcon_core.shell:Skip shell extension 'dsv' for command environment
[1.442s] DEBUG:colcon.colcon_core.event_handler.log_command:Invoking command in '/home/suibian9106/mycodes/ros_workspace/colcon_ws/build/learning_service': CMAKE_PREFIX_PATH=${CMAKE_PREFIX_PATH}:/opt/ros/foxy /usr/bin/cmake /home/suibian9106/mycodes/ros_workspace/colcon_ws/src/learning_service -DCMAKE_INSTALL_PREFIX=/home/suibian9106/mycodes/ros_workspace/colcon_ws/install/learning_service
[1.465s] DEBUG:colcon.colcon_core.event_handler.log_command:Invoking command in '/home/suibian9106/mycodes/ros_workspace/colcon_ws/build/learning_topic': CMAKE_PREFIX_PATH=${CMAKE_PREFIX_PATH}:/opt/ros/foxy /usr/bin/cmake --build /home/suibian9106/mycodes/ros_workspace/colcon_ws/build/learning_topic -- -j2 -l2
[1.600s] DEBUG:colcon.colcon_core.event_handler.log_command:Invoked command in '/home/suibian9106/mycodes/ros_workspace/colcon_ws/build/learning_topic' returned '0': CMAKE_PREFIX_PATH=${CMAKE_PREFIX_PATH}:/opt/ros/foxy /usr/bin/cmake --build /home/suibian9106/mycodes/ros_workspace/colcon_ws/build/learning_topic -- -j2 -l2
[1.620s] DEBUG:colcon.colcon_core.event_handler.log_command:Invoking command in '/home/suibian9106/mycodes/ros_workspace/colcon_ws/build/learning_topic': CMAKE_PREFIX_PATH=${CMAKE_PREFIX_PATH}:/opt/ros/foxy /usr/bin/cmake --install /home/suibian9106/mycodes/ros_workspace/colcon_ws/build/learning_topic
[1.649s] Level 1:colcon.colcon_core.environment:create_environment_scripts_only(learning_topic)
[1.655s] DEBUG:colcon.colcon_core.event_handler.log_command:Invoked command in '/home/suibian9106/mycodes/ros_workspace/colcon_ws/build/learning_topic' returned '0': CMAKE_PREFIX_PATH=${CMAKE_PREFIX_PATH}:/opt/ros/foxy /usr/bin/cmake --install /home/suibian9106/mycodes/ros_workspace/colcon_ws/build/learning_topic
[1.663s] Level 1:colcon.colcon_core.environment:checking '/home/suibian9106/mycodes/ros_workspace/colcon_ws/install/learning_topic' for CMake module files
[1.664s] Level 1:colcon.colcon_core.environment:checking '/home/suibian9106/mycodes/ros_workspace/colcon_ws/install/learning_topic' for CMake config files
[1.664s] Level 1:colcon.colcon_core.shell:create_environment_hook('learning_topic', 'cmake_prefix_path')
[1.664s] INFO:colcon.colcon_core.shell:Creating environment hook '/home/suibian9106/mycodes/ros_workspace/colcon_ws/install/learning_topic/share/learning_topic/hook/cmake_prefix_path.ps1'
[1.666s] INFO:colcon.colcon_core.shell:Creating environment descriptor '/home/suibian9106/mycodes/ros_workspace/colcon_ws/install/learning_topic/share/learning_topic/hook/cmake_prefix_path.dsv'
[1.668s] INFO:colcon.colcon_core.shell:Creating environment hook '/home/suibian9106/mycodes/ros_workspace/colcon_ws/install/learning_topic/share/learning_topic/hook/cmake_prefix_path.sh'
[1.669s] Level 1:colcon.colcon_core.environment:checking '/home/suibian9106/mycodes/ros_workspace/colcon_ws/install/learning_topic/lib'
[1.669s] Level 1:colcon.colcon_core.environment:checking '/home/suibian9106/mycodes/ros_workspace/colcon_ws/install/learning_topic/bin'
[1.669s] Level 1:colcon.colcon_core.environment:checking '/home/suibian9106/mycodes/ros_workspace/colcon_ws/install/learning_topic/lib/pkgconfig/learning_topic.pc'
[1.670s] Level 1:colcon.colcon_core.environment:checking '/home/suibian9106/mycodes/ros_workspace/colcon_ws/install/learning_topic/lib/python3.8/site-packages'
[1.670s] Level 1:colcon.colcon_core.environment:checking '/home/suibian9106/mycodes/ros_workspace/colcon_ws/install/learning_topic/bin'
[1.670s] INFO:colcon.colcon_core.shell:Creating package script '/home/suibian9106/mycodes/ros_workspace/colcon_ws/install/learning_topic/share/learning_topic/package.ps1'
[1.672s] INFO:colcon.colcon_core.shell:Creating package descriptor '/home/suibian9106/mycodes/ros_workspace/colcon_ws/install/learning_topic/share/learning_topic/package.dsv'
[1.673s] INFO:colcon.colcon_core.shell:Creating package script '/home/suibian9106/mycodes/ros_workspace/colcon_ws/install/learning_topic/share/learning_topic/package.sh'
[1.674s] INFO:colcon.colcon_core.shell:Creating package script '/home/suibian9106/mycodes/ros_workspace/colcon_ws/install/learning_topic/share/learning_topic/package.bash'
[1.675s] INFO:colcon.colcon_core.shell:Creating package script '/home/suibian9106/mycodes/ros_workspace/colcon_ws/install/learning_topic/share/learning_topic/package.zsh'
[1.676s] Level 1:colcon.colcon_core.environment:create_file_with_runtime_dependencies(/home/suibian9106/mycodes/ros_workspace/colcon_ws/install/learning_topic/share/colcon-core/packages/learning_topic)
[1.677s] Level 1:colcon.colcon_core.environment:create_environment_scripts_only(learning_topic)
[1.677s] Level 1:colcon.colcon_core.environment:checking '/home/suibian9106/mycodes/ros_workspace/colcon_ws/install/learning_topic' for CMake module files
[1.677s] Level 1:colcon.colcon_core.environment:checking '/home/suibian9106/mycodes/ros_workspace/colcon_ws/install/learning_topic' for CMake config files
[1.678s] Level 1:colcon.colcon_core.shell:create_environment_hook('learning_topic', 'cmake_prefix_path')
[1.678s] INFO:colcon.colcon_core.shell:Creating environment hook '/home/suibian9106/mycodes/ros_workspace/colcon_ws/install/learning_topic/share/learning_topic/hook/cmake_prefix_path.ps1'
[1.678s] INFO:colcon.colcon_core.shell:Creating environment descriptor '/home/suibian9106/mycodes/ros_workspace/colcon_ws/install/learning_topic/share/learning_topic/hook/cmake_prefix_path.dsv'
[1.678s] INFO:colcon.colcon_core.shell:Creating environment hook '/home/suibian9106/mycodes/ros_workspace/colcon_ws/install/learning_topic/share/learning_topic/hook/cmake_prefix_path.sh'
[1.679s] Level 1:colcon.colcon_core.environment:checking '/home/suibian9106/mycodes/ros_workspace/colcon_ws/install/learning_topic/lib'
[1.679s] Level 1:colcon.colcon_core.environment:checking '/home/suibian9106/mycodes/ros_workspace/colcon_ws/install/learning_topic/bin'
[1.679s] Level 1:colcon.colcon_core.environment:checking '/home/suibian9106/mycodes/ros_workspace/colcon_ws/install/learning_topic/lib/pkgconfig/learning_topic.pc'
[1.679s] Level 1:colcon.colcon_core.environment:checking '/home/suibian9106/mycodes/ros_workspace/colcon_ws/install/learning_topic/lib/python3.8/site-packages'
[1.679s] Level 1:colcon.colcon_core.environment:checking '/home/suibian9106/mycodes/ros_workspace/colcon_ws/install/learning_topic/bin'
[1.679s] INFO:colcon.colcon_core.shell:Creating package script '/home/suibian9106/mycodes/ros_workspace/colcon_ws/install/learning_topic/share/learning_topic/package.ps1'
[1.680s] INFO:colcon.colcon_core.shell:Creating package descriptor '/home/suibian9106/mycodes/ros_workspace/colcon_ws/install/learning_topic/share/learning_topic/package.dsv'
[1.680s] INFO:colcon.colcon_core.shell:Creating package script '/home/suibian9106/mycodes/ros_workspace/colcon_ws/install/learning_topic/share/learning_topic/package.sh'
[1.681s] INFO:colcon.colcon_core.shell:Creating package script '/home/suibian9106/mycodes/ros_workspace/colcon_ws/install/learning_topic/share/learning_topic/package.bash'
[1.681s] INFO:colcon.colcon_core.shell:Creating package script '/home/suibian9106/mycodes/ros_workspace/colcon_ws/install/learning_topic/share/learning_topic/package.zsh'
[1.681s] Level 1:colcon.colcon_core.environment:create_file_with_runtime_dependencies(/home/suibian9106/mycodes/ros_workspace/colcon_ws/install/learning_topic/share/colcon-core/packages/learning_topic)
[4.283s] DEBUG:colcon.colcon_core.event_handler.log_command:Invoked command in '/home/suibian9106/mycodes/ros_workspace/colcon_ws/build/learning_service' returned '0': CMAKE_PREFIX_PATH=${CMAKE_PREFIX_PATH}:/opt/ros/foxy /usr/bin/cmake /home/suibian9106/mycodes/ros_workspace/colcon_ws/src/learning_service -DCMAKE_INSTALL_PREFIX=/home/suibian9106/mycodes/ros_workspace/colcon_ws/install/learning_service
[4.284s] DEBUG:colcon.colcon_core.event_handler.log_command:Invoking command in '/home/suibian9106/mycodes/ros_workspace/colcon_ws/build/learning_service': CMAKE_PREFIX_PATH=${CMAKE_PREFIX_PATH}:/opt/ros/foxy /usr/bin/cmake --build /home/suibian9106/mycodes/ros_workspace/colcon_ws/build/learning_service -- -j2 -l2
[6.528s] DEBUG:colcon.colcon_core.event_handler.log_command:Invoked command in '/home/suibian9106/mycodes/ros_workspace/colcon_ws/build/learning_service' returned '0': CMAKE_PREFIX_PATH=${CMAKE_PREFIX_PATH}:/opt/ros/foxy /usr/bin/cmake --build /home/suibian9106/mycodes/ros_workspace/colcon_ws/build/learning_service -- -j2 -l2
[6.529s] DEBUG:colcon.colcon_core.event_handler.log_command:Invoking command in '/home/suibian9106/mycodes/ros_workspace/colcon_ws/build/learning_service': CMAKE_PREFIX_PATH=${CMAKE_PREFIX_PATH}:/opt/ros/foxy /usr/bin/cmake --install /home/suibian9106/mycodes/ros_workspace/colcon_ws/build/learning_service
[6.551s] Level 1:colcon.colcon_core.environment:create_environment_scripts_only(learning_service)
[6.552s] Level 1:colcon.colcon_core.environment:checking '/home/suibian9106/mycodes/ros_workspace/colcon_ws/install/learning_service' for CMake module files
[6.553s] DEBUG:colcon.colcon_core.event_handler.log_command:Invoked command in '/home/suibian9106/mycodes/ros_workspace/colcon_ws/build/learning_service' returned '0': CMAKE_PREFIX_PATH=${CMAKE_PREFIX_PATH}:/opt/ros/foxy /usr/bin/cmake --install /home/suibian9106/mycodes/ros_workspace/colcon_ws/build/learning_service
[6.553s] Level 1:colcon.colcon_core.environment:checking '/home/suibian9106/mycodes/ros_workspace/colcon_ws/install/learning_service' for CMake config files
[6.553s] Level 1:colcon.colcon_core.shell:create_environment_hook('learning_service', 'cmake_prefix_path')
[6.553s] INFO:colcon.colcon_core.shell:Creating environment hook '/home/suibian9106/mycodes/ros_workspace/colcon_ws/install/learning_service/share/learning_service/hook/cmake_prefix_path.ps1'
[6.554s] INFO:colcon.colcon_core.shell:Creating environment descriptor '/home/suibian9106/mycodes/ros_workspace/colcon_ws/install/learning_service/share/learning_service/hook/cmake_prefix_path.dsv'
[6.554s] INFO:colcon.colcon_core.shell:Creating environment hook '/home/suibian9106/mycodes/ros_workspace/colcon_ws/install/learning_service/share/learning_service/hook/cmake_prefix_path.sh'
[6.554s] Level 1:colcon.colcon_core.environment:checking '/home/suibian9106/mycodes/ros_workspace/colcon_ws/install/learning_service/lib'
[6.555s] Level 1:colcon.colcon_core.environment:checking '/home/suibian9106/mycodes/ros_workspace/colcon_ws/install/learning_service/bin'
[6.555s] Level 1:colcon.colcon_core.environment:checking '/home/suibian9106/mycodes/ros_workspace/colcon_ws/install/learning_service/lib/pkgconfig/learning_service.pc'
[6.555s] Level 1:colcon.colcon_core.environment:checking '/home/suibian9106/mycodes/ros_workspace/colcon_ws/install/learning_service/lib/python3.8/site-packages'
[6.555s] Level 1:colcon.colcon_core.environment:checking '/home/suibian9106/mycodes/ros_workspace/colcon_ws/install/learning_service/bin'
[6.555s] INFO:colcon.colcon_core.shell:Creating package script '/home/suibian9106/mycodes/ros_workspace/colcon_ws/install/learning_service/share/learning_service/package.ps1'
[6.556s] INFO:colcon.colcon_core.shell:Creating package descriptor '/home/suibian9106/mycodes/ros_workspace/colcon_ws/install/learning_service/share/learning_service/package.dsv'
[6.556s] INFO:colcon.colcon_core.shell:Creating package script '/home/suibian9106/mycodes/ros_workspace/colcon_ws/install/learning_service/share/learning_service/package.sh'
[6.557s] INFO:colcon.colcon_core.shell:Creating package script '/home/suibian9106/mycodes/ros_workspace/colcon_ws/install/learning_service/share/learning_service/package.bash'
[6.557s] INFO:colcon.colcon_core.shell:Creating package script '/home/suibian9106/mycodes/ros_workspace/colcon_ws/install/learning_service/share/learning_service/package.zsh'
[6.557s] Level 1:colcon.colcon_core.environment:create_file_with_runtime_dependencies(/home/suibian9106/mycodes/ros_workspace/colcon_ws/install/learning_service/share/colcon-core/packages/learning_service)
[6.558s] Level 1:colcon.colcon_core.environment:create_environment_scripts_only(learning_service)
[6.558s] Level 1:colcon.colcon_core.environment:checking '/home/suibian9106/mycodes/ros_workspace/colcon_ws/install/learning_service' for CMake module files
[6.558s] Level 1:colcon.colcon_core.environment:checking '/home/suibian9106/mycodes/ros_workspace/colcon_ws/install/learning_service' for CMake config files
[6.558s] Level 1:colcon.colcon_core.shell:create_environment_hook('learning_service', 'cmake_prefix_path')
[6.558s] INFO:colcon.colcon_core.shell:Creating environment hook '/home/suibian9106/mycodes/ros_workspace/colcon_ws/install/learning_service/share/learning_service/hook/cmake_prefix_path.ps1'
[6.559s] INFO:colcon.colcon_core.shell:Creating environment descriptor '/home/suibian9106/mycodes/ros_workspace/colcon_ws/install/learning_service/share/learning_service/hook/cmake_prefix_path.dsv'
[6.559s] INFO:colcon.colcon_core.shell:Creating environment hook '/home/suibian9106/mycodes/ros_workspace/colcon_ws/install/learning_service/share/learning_service/hook/cmake_prefix_path.sh'
[6.560s] Level 1:colcon.colcon_core.environment:checking '/home/suibian9106/mycodes/ros_workspace/colcon_ws/install/learning_service/lib'
[6.560s] Level 1:colcon.colcon_core.environment:checking '/home/suibian9106/mycodes/ros_workspace/colcon_ws/install/learning_service/bin'
[6.560s] Level 1:colcon.colcon_core.environment:checking '/home/suibian9106/mycodes/ros_workspace/colcon_ws/install/learning_service/lib/pkgconfig/learning_service.pc'
[6.560s] Level 1:colcon.colcon_core.environment:checking '/home/suibian9106/mycodes/ros_workspace/colcon_ws/install/learning_service/lib/python3.8/site-packages'
[6.560s] Level 1:colcon.colcon_core.environment:checking '/home/suibian9106/mycodes/ros_workspace/colcon_ws/install/learning_service/bin'
[6.560s] INFO:colcon.colcon_core.shell:Creating package script '/home/suibian9106/mycodes/ros_workspace/colcon_ws/install/learning_service/share/learning_service/package.ps1'
[6.561s] INFO:colcon.colcon_core.shell:Creating package descriptor '/home/suibian9106/mycodes/ros_workspace/colcon_ws/install/learning_service/share/learning_service/package.dsv'
[6.561s] INFO:colcon.colcon_core.shell:Creating package script '/home/suibian9106/mycodes/ros_workspace/colcon_ws/install/learning_service/share/learning_service/package.sh'
[6.561s] INFO:colcon.colcon_core.shell:Creating package script '/home/suibian9106/mycodes/ros_workspace/colcon_ws/install/learning_service/share/learning_service/package.bash'
[6.562s] INFO:colcon.colcon_core.shell:Creating package script '/home/suibian9106/mycodes/ros_workspace/colcon_ws/install/learning_service/share/learning_service/package.zsh'
[6.562s] Level 1:colcon.colcon_core.environment:create_file_with_runtime_dependencies(/home/suibian9106/mycodes/ros_workspace/colcon_ws/install/learning_service/share/colcon-core/packages/learning_service)
[6.563s] DEBUG:colcon.colcon_parallel_executor.executor.parallel:closing loop
[6.563s] DEBUG:colcon.colcon_parallel_executor.executor.parallel:loop closed
[6.563s] DEBUG:colcon.colcon_parallel_executor.executor.parallel:run_until_complete finished with '0'
[6.563s] DEBUG:colcon.colcon_core.event_reactor:joining thread
[6.573s] INFO:colcon.colcon_core.plugin_system:Skipping extension 'colcon_notification.desktop_notification.terminal_notifier': Not used on non-Darwin systems
[6.573s] INFO:colcon.colcon_core.plugin_system:Skipping extension 'colcon_notification.desktop_notification.win32': Not used on non-Windows systems
[6.573s] INFO:colcon.colcon_notification.desktop_notification:Sending desktop notification using 'notify2'
[6.574s] DEBUG:colcon.colcon_notification.desktop_notification.notify2:Failed to initialize notify2: org.freedesktop.DBus.Error.ServiceUnknown: The name org.freedesktop.Notifications was not provided by any .service files
[6.574s] DEBUG:colcon.colcon_core.event_reactor:joined thread
[6.574s] INFO:colcon.colcon_core.shell:Creating prefix script '/home/suibian9106/mycodes/ros_workspace/colcon_ws/install/local_setup.ps1'
[6.576s] INFO:colcon.colcon_core.shell:Creating prefix util module '/home/suibian9106/mycodes/ros_workspace/colcon_ws/install/_local_setup_util_ps1.py'
[6.578s] INFO:colcon.colcon_core.shell:Creating prefix chain script '/home/suibian9106/mycodes/ros_workspace/colcon_ws/install/setup.ps1'
[6.579s] INFO:colcon.colcon_core.shell:Creating prefix script '/home/suibian9106/mycodes/ros_workspace/colcon_ws/install/local_setup.sh'
[6.580s] INFO:colcon.colcon_core.shell:Creating prefix util module '/home/suibian9106/mycodes/ros_workspace/colcon_ws/install/_local_setup_util_sh.py'
[6.581s] INFO:colcon.colcon_core.shell:Creating prefix chain script '/home/suibian9106/mycodes/ros_workspace/colcon_ws/install/setup.sh'
[6.582s] INFO:colcon.colcon_core.shell:Creating prefix script '/home/suibian9106/mycodes/ros_workspace/colcon_ws/install/local_setup.bash'
[6.583s] INFO:colcon.colcon_core.shell:Creating prefix chain script '/home/suibian9106/mycodes/ros_workspace/colcon_ws/install/setup.bash'
[6.584s] INFO:colcon.colcon_core.shell:Creating prefix script '/home/suibian9106/mycodes/ros_workspace/colcon_ws/install/local_setup.zsh'
[6.585s] INFO:colcon.colcon_core.shell:Creating prefix chain script '/home/suibian9106/mycodes/ros_workspace/colcon_ws/install/setup.zsh'
