[0.022s] Invoking command in '/home/suibian9106/mycodes/ros_workspace/colcon_ws/build/learning_topic': CMAKE_PREFIX_PATH=/opt/ros/foxy /usr/bin/cmake /home/suibian9106/mycodes/ros_workspace/colcon_ws/src/learning_topic -DCMAKE_INSTALL_PREFIX=/home/suibian9106/mycodes/ros_workspace/colcon_ws/install/learning_topic
[0.223s] -- The C compiler identification is GNU 9.4.0
[0.348s] -- The CXX compiler identification is GNU 9.4.0
[0.358s] -- Check for working C compiler: /usr/bin/cc
[0.438s] -- Check for working C compiler: /usr/bin/cc -- works
[0.441s] -- Detecting C compiler ABI info
[0.502s] -- Detecting C compiler ABI info - done
[0.508s] -- Detecting C compile features
[0.509s] -- Detecting C compile features - done
[0.512s] -- Check for working CXX compiler: /usr/bin/c++
[0.578s] -- Check for working CXX compiler: /usr/bin/c++ -- works
[0.578s] -- Detecting CXX compiler ABI info
[0.655s] -- Detecting CXX compiler ABI info - done
[0.662s] -- Detecting CXX compile features
[0.662s] -- Detecting CXX compile features - done
[0.672s] -- Found ament_cmake: 0.9.12 (/opt/ros/foxy/share/ament_cmake/cmake)
[0.695s] -- Found PythonInterp: /usr/bin/python3 (found suitable version "3.8.10", minimum required is "3") 
[0.695s] -- Using PYTHON_EXECUTABLE: /usr/bin/python3
[0.838s] -- Found rclcpp: 2.4.3 (/opt/ros/foxy/share/rclcpp/cmake)
[0.905s] -- Using all available rosidl_typesupport_c: rosidl_typesupport_connext_c;rosidl_typesupport_fastrtps_c;rosidl_typesupport_introspection_c
[0.916s] -- Found rosidl_adapter: 1.3.1 (/opt/ros/foxy/share/rosidl_adapter/cmake)
[0.926s] -- Found RTI Connext: /opt/rti.com/rti_connext_dds-5.3.1
[3.081s] -- Found OpenSSL: /usr/lib/x86_64-linux-gnu/libcrypto.so (found version "1.1.1f")  
[3.104s] -- Found FastRTPS: /opt/ros/foxy/include  
[3.171s] -- Using all available rosidl_typesupport_cpp: rosidl_typesupport_connext_cpp;rosidl_typesupport_fastrtps_cpp;rosidl_typesupport_introspection_cpp
[3.231s] -- Found rmw_implementation_cmake: 1.0.4 (/opt/ros/foxy/share/rmw_implementation_cmake/cmake)
[3.234s] -- Using RMW implementation 'rmw_fastrtps_cpp' as default
[3.237s] -- Looking for pthread.h
[3.301s] -- Looking for pthread.h - found
[3.301s] -- Performing Test CMAKE_HAVE_LIBC_PTHREAD
[3.367s] -- Performing Test CMAKE_HAVE_LIBC_PTHREAD - Failed
[3.367s] -- Looking for pthread_create in pthreads
[3.429s] -- Looking for pthread_create in pthreads - not found
[3.430s] -- Looking for pthread_create in pthread
[3.496s] -- Looking for pthread_create in pthread - found
[3.498s] -- Found Threads: TRUE  
[3.621s] -- Found geometry_msgs: 2.0.5 (/opt/ros/foxy/share/geometry_msgs/cmake)
[3.651s] -- Found turtlesim: 1.2.6 (/opt/ros/foxy/share/turtlesim/cmake)
[3.734s] -- Found ament_lint_auto: 0.9.8 (/opt/ros/foxy/share/ament_lint_auto/cmake)
[3.798s] -- Added test 'copyright' to check source files copyright and LICENSE
[3.800s] -- Added test 'cppcheck' to perform static code analysis on C / C++ code
[3.800s] -- Configured cppcheck include dirs: 
[3.801s] -- Configured cppcheck exclude dirs and/or files: 
[3.802s] -- Added test 'cpplint' to check C / C++ code against the Google style
[3.802s] -- Configured cpplint exclude dirs and/or files: 
[3.804s] -- Added test 'lint_cmake' to check CMake code style
[3.806s] -- Added test 'uncrustify' to check C / C++ code style
[3.806s] -- Configured uncrustify additional arguments: 
[3.807s] -- Added test 'xmllint' to check XML markup files
[3.812s] -- Configuring done
[3.820s] -- Generating done
[3.823s] -- Build files have been written to: /home/suibian9106/mycodes/ros_workspace/colcon_ws/build/learning_topic
[3.829s] Invoked command in '/home/suibian9106/mycodes/ros_workspace/colcon_ws/build/learning_topic' returned '0': CMAKE_PREFIX_PATH=/opt/ros/foxy /usr/bin/cmake /home/suibian9106/mycodes/ros_workspace/colcon_ws/src/learning_topic -DCMAKE_INSTALL_PREFIX=/home/suibian9106/mycodes/ros_workspace/colcon_ws/install/learning_topic
[3.832s] Invoking command in '/home/suibian9106/mycodes/ros_workspace/colcon_ws/build/learning_topic': CMAKE_PREFIX_PATH=/opt/ros/foxy /usr/bin/cmake --build /home/suibian9106/mycodes/ros_workspace/colcon_ws/build/learning_topic -- -j2 -l2
[3.869s] [35m[1mScanning dependencies of target pose_subscriber[0m
[3.869s] [35m[1mScanning dependencies of target velocity_publisher[0m
[3.988s] [ 25%] [32mBuilding CXX object CMakeFiles/velocity_publisher.dir/src/velocity_publisher.cpp.o[0m
[4.002s] [ 50%] [32mBuilding CXX object CMakeFiles/pose_subscriber.dir/src/pose_subscriber.cpp.o[0m
[6.371s] [ 75%] [32m[1mLinking CXX executable velocity_publisher[0m
[6.541s] [ 75%] Built target velocity_publisher
[7.359s] [100%] [32m[1mLinking CXX executable pose_subscriber[0m
[7.537s] [100%] Built target pose_subscriber
[7.550s] Invoked command in '/home/suibian9106/mycodes/ros_workspace/colcon_ws/build/learning_topic' returned '0': CMAKE_PREFIX_PATH=/opt/ros/foxy /usr/bin/cmake --build /home/suibian9106/mycodes/ros_workspace/colcon_ws/build/learning_topic -- -j2 -l2
[7.562s] Invoking command in '/home/suibian9106/mycodes/ros_workspace/colcon_ws/build/learning_topic': CMAKE_PREFIX_PATH=/opt/ros/foxy /usr/bin/cmake --install /home/suibian9106/mycodes/ros_workspace/colcon_ws/build/learning_topic
[7.570s] -- Install configuration: ""
[7.571s] -- Installing: /home/suibian9106/mycodes/ros_workspace/colcon_ws/install/learning_topic/lib/learning_topic/velocity_publisher
[7.581s] -- Set runtime path of "/home/suibian9106/mycodes/ros_workspace/colcon_ws/install/learning_topic/lib/learning_topic/velocity_publisher" to ""
[7.581s] -- Installing: /home/suibian9106/mycodes/ros_workspace/colcon_ws/install/learning_topic/lib/learning_topic/pose_subscriber
[7.581s] -- Set runtime path of "/home/suibian9106/mycodes/ros_workspace/colcon_ws/install/learning_topic/lib/learning_topic/pose_subscriber" to ""
[7.581s] -- Installing: /home/suibian9106/mycodes/ros_workspace/colcon_ws/install/learning_topic/share/ament_index/resource_index/package_run_dependencies/learning_topic
[7.582s] -- Installing: /home/suibian9106/mycodes/ros_workspace/colcon_ws/install/learning_topic/share/ament_index/resource_index/parent_prefix_path/learning_topic
[7.582s] -- Installing: /home/suibian9106/mycodes/ros_workspace/colcon_ws/install/learning_topic/share/learning_topic/environment/ament_prefix_path.sh
[7.583s] -- Installing: /home/suibian9106/mycodes/ros_workspace/colcon_ws/install/learning_topic/share/learning_topic/environment/ament_prefix_path.dsv
[7.583s] -- Installing: /home/suibian9106/mycodes/ros_workspace/colcon_ws/install/learning_topic/share/learning_topic/environment/path.sh
[7.584s] -- Installing: /home/suibian9106/mycodes/ros_workspace/colcon_ws/install/learning_topic/share/learning_topic/environment/path.dsv
[7.585s] -- Installing: /home/suibian9106/mycodes/ros_workspace/colcon_ws/install/learning_topic/share/learning_topic/local_setup.bash
[7.585s] -- Installing: /home/suibian9106/mycodes/ros_workspace/colcon_ws/install/learning_topic/share/learning_topic/local_setup.sh
[7.586s] -- Installing: /home/suibian9106/mycodes/ros_workspace/colcon_ws/install/learning_topic/share/learning_topic/local_setup.zsh
[7.586s] -- Installing: /home/suibian9106/mycodes/ros_workspace/colcon_ws/install/learning_topic/share/learning_topic/local_setup.dsv
[7.586s] -- Installing: /home/suibian9106/mycodes/ros_workspace/colcon_ws/install/learning_topic/share/learning_topic/package.dsv
[7.586s] -- Installing: /home/suibian9106/mycodes/ros_workspace/colcon_ws/install/learning_topic/share/ament_index/resource_index/packages/learning_topic
[7.586s] -- Installing: /home/suibian9106/mycodes/ros_workspace/colcon_ws/install/learning_topic/share/learning_topic/cmake/learning_topicConfig.cmake
[7.586s] -- Installing: /home/suibian9106/mycodes/ros_workspace/colcon_ws/install/learning_topic/share/learning_topic/cmake/learning_topicConfig-version.cmake
[7.586s] -- Installing: /home/suibian9106/mycodes/ros_workspace/colcon_ws/install/learning_topic/share/learning_topic/package.xml
[7.588s] Invoked command in '/home/suibian9106/mycodes/ros_workspace/colcon_ws/build/learning_topic' returned '0': CMAKE_PREFIX_PATH=/opt/ros/foxy /usr/bin/cmake --install /home/suibian9106/mycodes/ros_workspace/colcon_ws/build/learning_topic
