[0.280s] DEBUG:colcon:Command line arguments: ['/usr/bin/colcon', 'build']
[0.280s] DEBUG:colcon:Parsed command line arguments: Namespace(allow_overriding=[], ament_cmake_args=None, base_paths=['.'], build_base='build', catkin_cmake_args=None, catkin_skip_building_tests=False, cmake_args=None, cmake_clean_cache=False, cmake_clean_first=False, cmake_force_configure=False, cmake_target=None, cmake_target_skip_unavailable=False, continue_on_error=False, event_handlers=None, executor='parallel', ignore_user_meta=False, install_base='install', log_base=None, log_level=None, main=<bound method BuildVerb.main of <colcon_core.verb.build.BuildVerb object at 0x7f75c654bb80>>, merge_install=False, metas=['./colcon.meta'], packages_above=None, packages_above_and_dependencies=None, packages_above_depth=None, packages_end=None, packages_ignore=None, packages_ignore_regex=None, packages_select=None, packages_select_build_failed=False, packages_select_by_dep=None, packages_select_regex=None, packages_select_test_failures=False, packages_skip=None, packages_skip_build_finished=False, packages_skip_by_dep=None, packages_skip_regex=None, packages_skip_test_passed=False, packages_skip_up_to=None, packages_start=None, packages_up_to=None, packages_up_to_regex=None, parallel_workers=2, paths=None, symlink_install=False, test_result_base=None, verb_extension=<colcon_core.verb.build.BuildVerb object at 0x7f75c654bb80>, verb_name='build', verb_parser=<colcon_defaults.argument_parser.defaults.DefaultArgumentsDecorator object at 0x7f75c655c040>)
[0.429s] Level 1:colcon.colcon_core.package_discovery:discover_packages(colcon_meta) check parameters
[0.429s] Level 1:colcon.colcon_core.package_discovery:discover_packages(recursive) check parameters
[0.429s] Level 1:colcon.colcon_core.package_discovery:discover_packages(ignore) check parameters
[0.429s] Level 1:colcon.colcon_core.package_discovery:discover_packages(path) check parameters
[0.429s] Level 1:colcon.colcon_core.package_discovery:discover_packages(colcon_meta) discover
[0.429s] Level 1:colcon.colcon_core.package_discovery:discover_packages(recursive) discover
[0.429s] INFO:colcon.colcon_core.package_discovery:Crawling recursively for packages in '/home/suibian9106/mycodes/ros_workspace/colcon_ws'
[0.429s] Level 1:colcon.colcon_core.package_identification:_identify(.) by extensions ['ignore', 'ignore_ament_install']
[0.429s] Level 1:colcon.colcon_core.package_identification:_identify(.) by extension 'ignore'
[0.430s] Level 1:colcon.colcon_core.package_identification:_identify(.) by extension 'ignore_ament_install'
[0.430s] Level 1:colcon.colcon_core.package_identification:_identify(.) by extensions ['colcon_pkg']
[0.430s] Level 1:colcon.colcon_core.package_identification:_identify(.) by extension 'colcon_pkg'
[0.430s] Level 1:colcon.colcon_core.package_identification:_identify(.) by extensions ['colcon_meta']
[0.430s] Level 1:colcon.colcon_core.package_identification:_identify(.) by extension 'colcon_meta'
[0.430s] Level 1:colcon.colcon_core.package_identification:_identify(.) by extensions ['ros']
[0.430s] Level 1:colcon.colcon_core.package_identification:_identify(.) by extension 'ros'
[0.440s] Level 1:colcon.colcon_core.package_identification:_identify(.) by extensions ['cmake', 'python']
[0.440s] Level 1:colcon.colcon_core.package_identification:_identify(.) by extension 'cmake'
[0.440s] Level 1:colcon.colcon_core.package_identification:_identify(.) by extension 'python'
[0.440s] Level 1:colcon.colcon_core.package_identification:_identify(.) by extensions ['python_setup_py']
[0.440s] Level 1:colcon.colcon_core.package_identification:_identify(.) by extension 'python_setup_py'
[0.440s] Level 1:colcon.colcon_core.package_identification:_identify(build) by extensions ['ignore', 'ignore_ament_install']
[0.440s] Level 1:colcon.colcon_core.package_identification:_identify(build) by extension 'ignore'
[0.440s] Level 1:colcon.colcon_core.package_identification:_identify(build) ignored
[0.440s] Level 1:colcon.colcon_core.package_identification:_identify(install) by extensions ['ignore', 'ignore_ament_install']
[0.440s] Level 1:colcon.colcon_core.package_identification:_identify(install) by extension 'ignore'
[0.441s] Level 1:colcon.colcon_core.package_identification:_identify(install) ignored
[0.441s] Level 1:colcon.colcon_core.package_identification:_identify(log) by extensions ['ignore', 'ignore_ament_install']
[0.441s] Level 1:colcon.colcon_core.package_identification:_identify(log) by extension 'ignore'
[0.441s] Level 1:colcon.colcon_core.package_identification:_identify(log) ignored
[0.441s] Level 1:colcon.colcon_core.package_identification:_identify(src) by extensions ['ignore', 'ignore_ament_install']
[0.441s] Level 1:colcon.colcon_core.package_identification:_identify(src) by extension 'ignore'
[0.441s] Level 1:colcon.colcon_core.package_identification:_identify(src) by extension 'ignore_ament_install'
[0.441s] Level 1:colcon.colcon_core.package_identification:_identify(src) by extensions ['colcon_pkg']
[0.441s] Level 1:colcon.colcon_core.package_identification:_identify(src) by extension 'colcon_pkg'
[0.441s] Level 1:colcon.colcon_core.package_identification:_identify(src) by extensions ['colcon_meta']
[0.441s] Level 1:colcon.colcon_core.package_identification:_identify(src) by extension 'colcon_meta'
[0.441s] Level 1:colcon.colcon_core.package_identification:_identify(src) by extensions ['ros']
[0.441s] Level 1:colcon.colcon_core.package_identification:_identify(src) by extension 'ros'
[0.441s] Level 1:colcon.colcon_core.package_identification:_identify(src) by extensions ['cmake', 'python']
[0.442s] Level 1:colcon.colcon_core.package_identification:_identify(src) by extension 'cmake'
[0.442s] Level 1:colcon.colcon_core.package_identification:_identify(src) by extension 'python'
[0.442s] Level 1:colcon.colcon_core.package_identification:_identify(src) by extensions ['python_setup_py']
[0.442s] Level 1:colcon.colcon_core.package_identification:_identify(src) by extension 'python_setup_py'
[0.442s] Level 1:colcon.colcon_core.package_identification:_identify(src/learning_topic) by extensions ['ignore', 'ignore_ament_install']
[0.442s] Level 1:colcon.colcon_core.package_identification:_identify(src/learning_topic) by extension 'ignore'
[0.442s] Level 1:colcon.colcon_core.package_identification:_identify(src/learning_topic) by extension 'ignore_ament_install'
[0.442s] Level 1:colcon.colcon_core.package_identification:_identify(src/learning_topic) by extensions ['colcon_pkg']
[0.442s] Level 1:colcon.colcon_core.package_identification:_identify(src/learning_topic) by extension 'colcon_pkg'
[0.442s] Level 1:colcon.colcon_core.package_identification:_identify(src/learning_topic) by extensions ['colcon_meta']
[0.442s] Level 1:colcon.colcon_core.package_identification:_identify(src/learning_topic) by extension 'colcon_meta'
[0.442s] Level 1:colcon.colcon_core.package_identification:_identify(src/learning_topic) by extensions ['ros']
[0.442s] Level 1:colcon.colcon_core.package_identification:_identify(src/learning_topic) by extension 'ros'
[0.446s] DEBUG:colcon.colcon_core.package_identification:Package 'src/learning_topic' with type 'ros.ament_cmake' and name 'learning_topic'
[0.446s] Level 1:colcon.colcon_core.package_discovery:discover_packages(recursive) using defaults
[0.446s] Level 1:colcon.colcon_core.package_discovery:discover_packages(ignore) discover
[0.446s] Level 1:colcon.colcon_core.package_discovery:discover_packages(ignore) using defaults
[0.446s] Level 1:colcon.colcon_core.package_discovery:discover_packages(path) discover
[0.446s] Level 1:colcon.colcon_core.package_discovery:discover_packages(path) using defaults
[0.464s] Level 1:colcon.colcon_core.package_discovery:discover_packages(prefix_path) check parameters
[0.465s] Level 1:colcon.colcon_core.package_discovery:discover_packages(prefix_path) discover
[0.469s] DEBUG:colcon.colcon_installed_package_information.package_discovery:Found 270 installed packages in /opt/ros/foxy
[0.470s] Level 1:colcon.colcon_core.package_discovery:discover_packages(prefix_path) using defaults
[0.579s] Level 5:colcon.colcon_core.verb:set package 'learning_topic' build argument 'cmake_args' from command line to 'None'
[0.579s] Level 5:colcon.colcon_core.verb:set package 'learning_topic' build argument 'cmake_target' from command line to 'None'
[0.579s] Level 5:colcon.colcon_core.verb:set package 'learning_topic' build argument 'cmake_target_skip_unavailable' from command line to 'False'
[0.579s] Level 5:colcon.colcon_core.verb:set package 'learning_topic' build argument 'cmake_clean_cache' from command line to 'False'
[0.579s] Level 5:colcon.colcon_core.verb:set package 'learning_topic' build argument 'cmake_clean_first' from command line to 'False'
[0.579s] Level 5:colcon.colcon_core.verb:set package 'learning_topic' build argument 'cmake_force_configure' from command line to 'False'
[0.579s] Level 5:colcon.colcon_core.verb:set package 'learning_topic' build argument 'ament_cmake_args' from command line to 'None'
[0.579s] Level 5:colcon.colcon_core.verb:set package 'learning_topic' build argument 'catkin_cmake_args' from command line to 'None'
[0.579s] Level 5:colcon.colcon_core.verb:set package 'learning_topic' build argument 'catkin_skip_building_tests' from command line to 'False'
[0.579s] DEBUG:colcon.colcon_core.verb:Building package 'learning_topic' with the following arguments: {'ament_cmake_args': None, 'build_base': '/home/suibian9106/mycodes/ros_workspace/colcon_ws/build/learning_topic', 'catkin_cmake_args': None, 'catkin_skip_building_tests': False, 'cmake_args': None, 'cmake_clean_cache': False, 'cmake_clean_first': False, 'cmake_force_configure': False, 'cmake_target': None, 'cmake_target_skip_unavailable': False, 'install_base': '/home/suibian9106/mycodes/ros_workspace/colcon_ws/install/learning_topic', 'merge_install': False, 'path': '/home/suibian9106/mycodes/ros_workspace/colcon_ws/src/learning_topic', 'symlink_install': False, 'test_result_base': None}
[0.580s] INFO:colcon.colcon_core.executor:Executing jobs using 'parallel' executor
[0.581s] DEBUG:colcon.colcon_parallel_executor.executor.parallel:run_until_complete
[0.581s] INFO:colcon.colcon_ros.task.ament_cmake.build:Building ROS package in '/home/suibian9106/mycodes/ros_workspace/colcon_ws/src/learning_topic' with build type 'ament_cmake'
[0.581s] INFO:colcon.colcon_cmake.task.cmake.build:Building CMake package in '/home/suibian9106/mycodes/ros_workspace/colcon_ws/src/learning_topic'
[0.590s] INFO:colcon.colcon_core.plugin_system:Skipping extension 'colcon_core.shell.bat': Not used on non-Windows systems
[0.590s] INFO:colcon.colcon_core.shell:Skip shell extension 'powershell' for command environment: Not usable outside of PowerShell
[0.590s] DEBUG:colcon.colcon_core.shell:Skip shell extension 'dsv' for command environment
[0.603s] DEBUG:colcon.colcon_core.event_handler.log_command:Invoking command in '/home/suibian9106/mycodes/ros_workspace/colcon_ws/build/learning_topic': CMAKE_PREFIX_PATH=/opt/ros/foxy /usr/bin/cmake /home/suibian9106/mycodes/ros_workspace/colcon_ws/src/learning_topic -DCMAKE_INSTALL_PREFIX=/home/suibian9106/mycodes/ros_workspace/colcon_ws/install/learning_topic
[4.410s] DEBUG:colcon.colcon_core.event_handler.log_command:Invoked command in '/home/suibian9106/mycodes/ros_workspace/colcon_ws/build/learning_topic' returned '0': CMAKE_PREFIX_PATH=/opt/ros/foxy /usr/bin/cmake /home/suibian9106/mycodes/ros_workspace/colcon_ws/src/learning_topic -DCMAKE_INSTALL_PREFIX=/home/suibian9106/mycodes/ros_workspace/colcon_ws/install/learning_topic
[4.413s] DEBUG:colcon.colcon_core.event_handler.log_command:Invoking command in '/home/suibian9106/mycodes/ros_workspace/colcon_ws/build/learning_topic': CMAKE_PREFIX_PATH=/opt/ros/foxy /usr/bin/cmake --build /home/suibian9106/mycodes/ros_workspace/colcon_ws/build/learning_topic -- -j2 -l2
[8.133s] DEBUG:colcon.colcon_core.event_handler.log_command:Invoked command in '/home/suibian9106/mycodes/ros_workspace/colcon_ws/build/learning_topic' returned '0': CMAKE_PREFIX_PATH=/opt/ros/foxy /usr/bin/cmake --build /home/suibian9106/mycodes/ros_workspace/colcon_ws/build/learning_topic -- -j2 -l2
[8.144s] DEBUG:colcon.colcon_core.event_handler.log_command:Invoking command in '/home/suibian9106/mycodes/ros_workspace/colcon_ws/build/learning_topic': CMAKE_PREFIX_PATH=/opt/ros/foxy /usr/bin/cmake --install /home/suibian9106/mycodes/ros_workspace/colcon_ws/build/learning_topic
[8.169s] Level 1:colcon.colcon_core.environment:create_environment_scripts_only(learning_topic)
[8.170s] DEBUG:colcon.colcon_core.event_handler.log_command:Invoked command in '/home/suibian9106/mycodes/ros_workspace/colcon_ws/build/learning_topic' returned '0': CMAKE_PREFIX_PATH=/opt/ros/foxy /usr/bin/cmake --install /home/suibian9106/mycodes/ros_workspace/colcon_ws/build/learning_topic
[8.178s] Level 1:colcon.colcon_core.environment:checking '/home/suibian9106/mycodes/ros_workspace/colcon_ws/install/learning_topic' for CMake module files
[8.178s] Level 1:colcon.colcon_core.environment:checking '/home/suibian9106/mycodes/ros_workspace/colcon_ws/install/learning_topic' for CMake config files
[8.179s] Level 1:colcon.colcon_core.shell:create_environment_hook('learning_topic', 'cmake_prefix_path')
[8.179s] INFO:colcon.colcon_core.shell:Creating environment hook '/home/suibian9106/mycodes/ros_workspace/colcon_ws/install/learning_topic/share/learning_topic/hook/cmake_prefix_path.ps1'
[8.180s] INFO:colcon.colcon_core.shell:Creating environment descriptor '/home/suibian9106/mycodes/ros_workspace/colcon_ws/install/learning_topic/share/learning_topic/hook/cmake_prefix_path.dsv'
[8.181s] INFO:colcon.colcon_core.shell:Creating environment hook '/home/suibian9106/mycodes/ros_workspace/colcon_ws/install/learning_topic/share/learning_topic/hook/cmake_prefix_path.sh'
[8.182s] Level 1:colcon.colcon_core.environment:checking '/home/suibian9106/mycodes/ros_workspace/colcon_ws/install/learning_topic/lib'
[8.182s] Level 1:colcon.colcon_core.environment:checking '/home/suibian9106/mycodes/ros_workspace/colcon_ws/install/learning_topic/bin'
[8.182s] Level 1:colcon.colcon_core.environment:checking '/home/suibian9106/mycodes/ros_workspace/colcon_ws/install/learning_topic/lib/pkgconfig/learning_topic.pc'
[8.182s] Level 1:colcon.colcon_core.environment:checking '/home/suibian9106/mycodes/ros_workspace/colcon_ws/install/learning_topic/lib/python3.8/site-packages'
[8.182s] Level 1:colcon.colcon_core.environment:checking '/home/suibian9106/mycodes/ros_workspace/colcon_ws/install/learning_topic/bin'
[8.183s] INFO:colcon.colcon_core.shell:Creating package script '/home/suibian9106/mycodes/ros_workspace/colcon_ws/install/learning_topic/share/learning_topic/package.ps1'
[8.183s] INFO:colcon.colcon_core.shell:Creating package descriptor '/home/suibian9106/mycodes/ros_workspace/colcon_ws/install/learning_topic/share/learning_topic/package.dsv'
[8.184s] INFO:colcon.colcon_core.shell:Creating package script '/home/suibian9106/mycodes/ros_workspace/colcon_ws/install/learning_topic/share/learning_topic/package.sh'
[8.185s] INFO:colcon.colcon_core.shell:Creating package script '/home/suibian9106/mycodes/ros_workspace/colcon_ws/install/learning_topic/share/learning_topic/package.bash'
[8.186s] INFO:colcon.colcon_core.shell:Creating package script '/home/suibian9106/mycodes/ros_workspace/colcon_ws/install/learning_topic/share/learning_topic/package.zsh'
[8.188s] Level 1:colcon.colcon_core.environment:create_file_with_runtime_dependencies(/home/suibian9106/mycodes/ros_workspace/colcon_ws/install/learning_topic/share/colcon-core/packages/learning_topic)
[8.188s] Level 1:colcon.colcon_core.environment:create_environment_scripts_only(learning_topic)
[8.188s] Level 1:colcon.colcon_core.environment:checking '/home/suibian9106/mycodes/ros_workspace/colcon_ws/install/learning_topic' for CMake module files
[8.189s] Level 1:colcon.colcon_core.environment:checking '/home/suibian9106/mycodes/ros_workspace/colcon_ws/install/learning_topic' for CMake config files
[8.189s] Level 1:colcon.colcon_core.shell:create_environment_hook('learning_topic', 'cmake_prefix_path')
[8.189s] INFO:colcon.colcon_core.shell:Creating environment hook '/home/suibian9106/mycodes/ros_workspace/colcon_ws/install/learning_topic/share/learning_topic/hook/cmake_prefix_path.ps1'
[8.189s] INFO:colcon.colcon_core.shell:Creating environment descriptor '/home/suibian9106/mycodes/ros_workspace/colcon_ws/install/learning_topic/share/learning_topic/hook/cmake_prefix_path.dsv'
[8.190s] INFO:colcon.colcon_core.shell:Creating environment hook '/home/suibian9106/mycodes/ros_workspace/colcon_ws/install/learning_topic/share/learning_topic/hook/cmake_prefix_path.sh'
[8.190s] Level 1:colcon.colcon_core.environment:checking '/home/suibian9106/mycodes/ros_workspace/colcon_ws/install/learning_topic/lib'
[8.190s] Level 1:colcon.colcon_core.environment:checking '/home/suibian9106/mycodes/ros_workspace/colcon_ws/install/learning_topic/bin'
[8.190s] Level 1:colcon.colcon_core.environment:checking '/home/suibian9106/mycodes/ros_workspace/colcon_ws/install/learning_topic/lib/pkgconfig/learning_topic.pc'
[8.190s] Level 1:colcon.colcon_core.environment:checking '/home/suibian9106/mycodes/ros_workspace/colcon_ws/install/learning_topic/lib/python3.8/site-packages'
[8.190s] Level 1:colcon.colcon_core.environment:checking '/home/suibian9106/mycodes/ros_workspace/colcon_ws/install/learning_topic/bin'
[8.191s] INFO:colcon.colcon_core.shell:Creating package script '/home/suibian9106/mycodes/ros_workspace/colcon_ws/install/learning_topic/share/learning_topic/package.ps1'
[8.191s] INFO:colcon.colcon_core.shell:Creating package descriptor '/home/suibian9106/mycodes/ros_workspace/colcon_ws/install/learning_topic/share/learning_topic/package.dsv'
[8.192s] INFO:colcon.colcon_core.shell:Creating package script '/home/suibian9106/mycodes/ros_workspace/colcon_ws/install/learning_topic/share/learning_topic/package.sh'
[8.192s] INFO:colcon.colcon_core.shell:Creating package script '/home/suibian9106/mycodes/ros_workspace/colcon_ws/install/learning_topic/share/learning_topic/package.bash'
[8.193s] INFO:colcon.colcon_core.shell:Creating package script '/home/suibian9106/mycodes/ros_workspace/colcon_ws/install/learning_topic/share/learning_topic/package.zsh'
[8.193s] Level 1:colcon.colcon_core.environment:create_file_with_runtime_dependencies(/home/suibian9106/mycodes/ros_workspace/colcon_ws/install/learning_topic/share/colcon-core/packages/learning_topic)
[8.193s] DEBUG:colcon.colcon_parallel_executor.executor.parallel:closing loop
[8.194s] DEBUG:colcon.colcon_parallel_executor.executor.parallel:loop closed
[8.194s] DEBUG:colcon.colcon_parallel_executor.executor.parallel:run_until_complete finished with '0'
[8.194s] DEBUG:colcon.colcon_core.event_reactor:joining thread
[8.203s] INFO:colcon.colcon_core.plugin_system:Skipping extension 'colcon_notification.desktop_notification.terminal_notifier': Not used on non-Darwin systems
[8.203s] INFO:colcon.colcon_core.plugin_system:Skipping extension 'colcon_notification.desktop_notification.win32': Not used on non-Windows systems
[8.203s] INFO:colcon.colcon_notification.desktop_notification:Sending desktop notification using 'notify2'
[8.243s] DEBUG:colcon.colcon_core.event_reactor:joined thread
[8.244s] INFO:colcon.colcon_core.shell:Creating prefix script '/home/suibian9106/mycodes/ros_workspace/colcon_ws/install/local_setup.ps1'
[8.245s] INFO:colcon.colcon_core.shell:Creating prefix util module '/home/suibian9106/mycodes/ros_workspace/colcon_ws/install/_local_setup_util_ps1.py'
[8.246s] INFO:colcon.colcon_core.shell:Creating prefix chain script '/home/suibian9106/mycodes/ros_workspace/colcon_ws/install/setup.ps1'
[8.247s] INFO:colcon.colcon_core.shell:Creating prefix script '/home/suibian9106/mycodes/ros_workspace/colcon_ws/install/local_setup.sh'
[8.248s] INFO:colcon.colcon_core.shell:Creating prefix util module '/home/suibian9106/mycodes/ros_workspace/colcon_ws/install/_local_setup_util_sh.py'
[8.248s] INFO:colcon.colcon_core.shell:Creating prefix chain script '/home/suibian9106/mycodes/ros_workspace/colcon_ws/install/setup.sh'
[8.249s] INFO:colcon.colcon_core.shell:Creating prefix script '/home/suibian9106/mycodes/ros_workspace/colcon_ws/install/local_setup.bash'
[8.249s] INFO:colcon.colcon_core.shell:Creating prefix chain script '/home/suibian9106/mycodes/ros_workspace/colcon_ws/install/setup.bash'
[8.250s] INFO:colcon.colcon_core.shell:Creating prefix script '/home/suibian9106/mycodes/ros_workspace/colcon_ws/install/local_setup.zsh'
[8.251s] INFO:colcon.colcon_core.shell:Creating prefix chain script '/home/suibian9106/mycodes/ros_workspace/colcon_ws/install/setup.zsh'
