-- Found ament_cmake: 0.9.12 (/opt/ros/foxy/share/ament_cmake/cmake)
-- Using PYTHON_EXECUTABLE: /usr/bin/python3
-- Found rclcpp: 2.4.3 (/opt/ros/foxy/share/rclcpp/cmake)
-- Using all available rosidl_typesupport_c: rosidl_typesupport_fastrtps_c;rosidl_typesupport_introspection_c
-- Found rosidl_adapter: 1.3.1 (/opt/ros/foxy/share/rosidl_adapter/cmake)
-- Using all available rosidl_typesupport_cpp: rosidl_typesupport_fastrtps_cpp;rosidl_typesupport_introspection_cpp
-- Found rmw_implementation_cmake: 1.0.4 (/opt/ros/foxy/share/rmw_implementation_cmake/cmake)
-- Using RMW implementation 'rmw_fastrtps_cpp' as default
-- Found geometry_msgs: 2.0.5 (/opt/ros/foxy/share/geometry_msgs/cmake)
-- Found turtlesim: 1.2.6 (/opt/ros/foxy/share/turtlesim/cmake)
-- Found std_srvs: 2.0.5 (/opt/ros/foxy/share/std_srvs/cmake)
-- Found ament_lint_auto: 0.9.8 (/opt/ros/foxy/share/ament_lint_auto/cmake)
-- Added test 'copyright' to check source files copyright and LICENSE
-- Added test 'cppcheck' to perform static code analysis on C / C++ code
-- Configured cppcheck include dirs: 
-- Configured cppcheck exclude dirs and/or files: 
-- Added test 'cpplint' to check C / C++ code against the Google style
-- Configured cpplint exclude dirs and/or files: 
-- Added test 'lint_cmake' to check CMake code style
-- Added test 'uncrustify' to check C / C++ code style
-- Configured uncrustify additional arguments: 
-- Added test 'xmllint' to check XML markup files
-- Configuring done
-- Generating done
-- Build files have been written to: /home/suibian9106/mycodes/ros_workspace/colcon_ws/build/learning_service
[ 50%] Built target turtle_spawn
[100%] Built target turtle_command_server
-- Install configuration: ""
-- Up-to-date: /home/suibian9106/mycodes/ros_workspace/colcon_ws/install/learning_service/lib/learning_service/turtle_command_server
-- Up-to-date: /home/suibian9106/mycodes/ros_workspace/colcon_ws/install/learning_service/lib/learning_service/turtle_spawn
-- Up-to-date: /home/suibian9106/mycodes/ros_workspace/colcon_ws/install/learning_service/share/ament_index/resource_index/package_run_dependencies/learning_service
-- Installing: /home/suibian9106/mycodes/ros_workspace/colcon_ws/install/learning_service/share/ament_index/resource_index/parent_prefix_path/learning_service
-- Installing: /home/suibian9106/mycodes/ros_workspace/colcon_ws/install/learning_service/share/learning_service/environment/ament_prefix_path.sh
-- Installing: /home/suibian9106/mycodes/ros_workspace/colcon_ws/install/learning_service/share/learning_service/environment/ament_prefix_path.dsv
-- Installing: /home/suibian9106/mycodes/ros_workspace/colcon_ws/install/learning_service/share/learning_service/environment/path.sh
-- Installing: /home/suibian9106/mycodes/ros_workspace/colcon_ws/install/learning_service/share/learning_service/environment/path.dsv
-- Up-to-date: /home/suibian9106/mycodes/ros_workspace/colcon_ws/install/learning_service/share/learning_service/local_setup.bash
-- Up-to-date: /home/suibian9106/mycodes/ros_workspace/colcon_ws/install/learning_service/share/learning_service/local_setup.sh
-- Up-to-date: /home/suibian9106/mycodes/ros_workspace/colcon_ws/install/learning_service/share/learning_service/local_setup.zsh
-- Installing: /home/suibian9106/mycodes/ros_workspace/colcon_ws/install/learning_service/share/learning_service/local_setup.dsv
-- Installing: /home/suibian9106/mycodes/ros_workspace/colcon_ws/install/learning_service/share/learning_service/package.dsv
-- Up-to-date: /home/suibian9106/mycodes/ros_workspace/colcon_ws/install/learning_service/share/ament_index/resource_index/packages/learning_service
-- Up-to-date: /home/suibian9106/mycodes/ros_workspace/colcon_ws/install/learning_service/share/learning_service/cmake/learning_serviceConfig.cmake
-- Up-to-date: /home/suibian9106/mycodes/ros_workspace/colcon_ws/install/learning_service/share/learning_service/cmake/learning_serviceConfig-version.cmake
-- Up-to-date: /home/suibian9106/mycodes/ros_workspace/colcon_ws/install/learning_service/share/learning_service/package.xml
