[0.173s] Invoking command in '/home/suibian9106/mycodes/ros_workspace/colcon_ws/build/learning_service': CMAKE_PREFIX_PATH=/opt/ros/foxy /usr/bin/cmake --build /home/suibian9106/mycodes/ros_workspace/colcon_ws/build/learning_service -- -j2 -l2
[0.784s] -- Found ament_cmake: 0.9.12 (/opt/ros/foxy/share/ament_cmake/cmake)
[1.144s] -- Using PYTHON_EXECUTABLE: /usr/bin/python3
[3.384s] -- Found rclcpp: 2.4.3 (/opt/ros/foxy/share/rclcpp/cmake)
[3.937s] -- Using all available rosidl_typesupport_c: rosidl_typesupport_fastrtps_c;rosidl_typesupport_introspection_c
[3.969s] -- Found rosidl_adapter: 1.3.1 (/opt/ros/foxy/share/rosidl_adapter/cmake)
[4.519s] -- Using all available rosidl_typesupport_cpp: rosidl_typesupport_fastrtps_cpp;rosidl_typesupport_introspection_cpp
[4.879s] -- Found rmw_implementation_cmake: 1.0.4 (/opt/ros/foxy/share/rmw_implementation_cmake/cmake)
[4.889s] -- Using RMW implementation 'rmw_fastrtps_cpp' as default
[5.701s] -- Found geometry_msgs: 2.0.5 (/opt/ros/foxy/share/geometry_msgs/cmake)
[5.814s] -- Found turtlesim: 1.2.6 (/opt/ros/foxy/share/turtlesim/cmake)
[6.154s] -- Found std_srvs: 2.0.5 (/opt/ros/foxy/share/std_srvs/cmake)
[6.272s] -- Found ament_lint_auto: 0.9.8 (/opt/ros/foxy/share/ament_lint_auto/cmake)
[6.736s] -- Added test 'copyright' to check source files copyright and LICENSE
[6.742s] -- Added test 'cppcheck' to perform static code analysis on C / C++ code
[6.743s] -- Configured cppcheck include dirs: 
[6.744s] -- Configured cppcheck exclude dirs and/or files: 
[6.748s] -- Added test 'cpplint' to check C / C++ code against the Google style
[6.748s] -- Configured cpplint exclude dirs and/or files: 
[6.752s] -- Added test 'lint_cmake' to check CMake code style
[6.755s] -- Added test 'uncrustify' to check C / C++ code style
[6.756s] -- Configured uncrustify additional arguments: 
[6.758s] -- Added test 'xmllint' to check XML markup files
[6.767s] -- Configuring done
[6.812s] -- Generating done
[6.828s] -- Build files have been written to: /home/suibian9106/mycodes/ros_workspace/colcon_ws/build/learning_service
[7.312s] [ 50%] Built target turtle_spawn
[7.323s] [100%] Built target turtle_command_server
[7.354s] Invoked command in '/home/suibian9106/mycodes/ros_workspace/colcon_ws/build/learning_service' returned '0': CMAKE_PREFIX_PATH=/opt/ros/foxy /usr/bin/cmake --build /home/suibian9106/mycodes/ros_workspace/colcon_ws/build/learning_service -- -j2 -l2
[7.396s] Invoking command in '/home/suibian9106/mycodes/ros_workspace/colcon_ws/build/learning_service': CMAKE_PREFIX_PATH=/opt/ros/foxy /usr/bin/cmake --install /home/suibian9106/mycodes/ros_workspace/colcon_ws/build/learning_service
[7.421s] -- Install configuration: ""
[7.427s] -- Up-to-date: /home/suibian9106/mycodes/ros_workspace/colcon_ws/install/learning_service/lib/learning_service/turtle_command_server
[7.431s] -- Up-to-date: /home/suibian9106/mycodes/ros_workspace/colcon_ws/install/learning_service/lib/learning_service/turtle_spawn
[7.432s] -- Up-to-date: /home/suibian9106/mycodes/ros_workspace/colcon_ws/install/learning_service/share/ament_index/resource_index/package_run_dependencies/learning_service
[7.434s] -- Installing: /home/suibian9106/mycodes/ros_workspace/colcon_ws/install/learning_service/share/ament_index/resource_index/parent_prefix_path/learning_service
[7.437s] -- Installing: /home/suibian9106/mycodes/ros_workspace/colcon_ws/install/learning_service/share/learning_service/environment/ament_prefix_path.sh
[7.438s] -- Installing: /home/suibian9106/mycodes/ros_workspace/colcon_ws/install/learning_service/share/learning_service/environment/ament_prefix_path.dsv
[7.442s] -- Installing: /home/suibian9106/mycodes/ros_workspace/colcon_ws/install/learning_service/share/learning_service/environment/path.sh
[7.444s] -- Installing: /home/suibian9106/mycodes/ros_workspace/colcon_ws/install/learning_service/share/learning_service/environment/path.dsv
[7.445s] -- Up-to-date: /home/suibian9106/mycodes/ros_workspace/colcon_ws/install/learning_service/share/learning_service/local_setup.bash
[7.447s] -- Up-to-date: /home/suibian9106/mycodes/ros_workspace/colcon_ws/install/learning_service/share/learning_service/local_setup.sh
[7.451s] -- Up-to-date: /home/suibian9106/mycodes/ros_workspace/colcon_ws/install/learning_service/share/learning_service/local_setup.zsh
[7.453s] -- Installing: /home/suibian9106/mycodes/ros_workspace/colcon_ws/install/learning_service/share/learning_service/local_setup.dsv
[7.455s] -- Installing: /home/suibian9106/mycodes/ros_workspace/colcon_ws/install/learning_service/share/learning_service/package.dsv
[7.459s] -- Up-to-date: /home/suibian9106/mycodes/ros_workspace/colcon_ws/install/learning_service/share/ament_index/resource_index/packages/learning_service
[7.461s] -- Up-to-date: /home/suibian9106/mycodes/ros_workspace/colcon_ws/install/learning_service/share/learning_service/cmake/learning_serviceConfig.cmake
[7.463s] -- Up-to-date: /home/suibian9106/mycodes/ros_workspace/colcon_ws/install/learning_service/share/learning_service/cmake/learning_serviceConfig-version.cmake
[7.467s] -- Up-to-date: /home/suibian9106/mycodes/ros_workspace/colcon_ws/install/learning_service/share/learning_service/package.xml
[7.469s] Invoked command in '/home/suibian9106/mycodes/ros_workspace/colcon_ws/build/learning_service' returned '0': CMAKE_PREFIX_PATH=/opt/ros/foxy /usr/bin/cmake --install /home/suibian9106/mycodes/ros_workspace/colcon_ws/build/learning_service
