[0.108s] Invoking command in '/home/suibian9106/mycodes/ros_workspace/colcon_ws/build/learning_parameter': CMAKE_PREFIX_PATH=/opt/ros/foxy /usr/bin/cmake /home/suibian9106/mycodes/ros_workspace/colcon_ws/src/learning_parameter -DCMAKE_INSTALL_PREFIX=/home/suibian9106/mycodes/ros_workspace/colcon_ws/install/learning_parameter
[1.746s] -- The C compiler identification is GNU 9.4.0
[2.496s] -- The CXX compiler identification is GNU 9.4.0
[2.522s] -- Check for working C compiler: /usr/bin/cc
[3.233s] -- Check for working C compiler: /usr/bin/cc -- works
[3.244s] -- Detecting C compiler ABI info
[3.828s] -- Detecting C compiler ABI info - done
[3.996s] -- Detecting C compile features
[4.000s] -- Detecting C compile features - done
[4.021s] -- Check for working CXX compiler: /usr/bin/c++
[4.375s] -- Check for working CXX compiler: /usr/bin/c++ -- works
[4.383s] -- Detecting CXX compiler ABI info
[4.690s] -- Detecting CXX compiler ABI info - done
[4.755s] -- Detecting CXX compile features
[4.758s] -- Detecting CXX compile features - done
[4.779s] -- Found ament_cmake: 0.9.12 (/opt/ros/foxy/share/ament_cmake/cmake)
[4.865s] -- Found PythonInterp: /usr/bin/python3 (found suitable version "3.8.10", minimum required is "3") 
[4.866s] -- Using PYTHON_EXECUTABLE: /usr/bin/python3
[5.750s] -- Found rclcpp: 2.4.3 (/opt/ros/foxy/share/rclcpp/cmake)
[5.858s] -- Using all available rosidl_typesupport_c: rosidl_typesupport_fastrtps_c;rosidl_typesupport_introspection_c
[5.871s] -- Found rosidl_adapter: 1.3.1 (/opt/ros/foxy/share/rosidl_adapter/cmake)
[6.073s] -- Found OpenSSL: /usr/lib/x86_64-linux-gnu/libcrypto.so (found version "1.1.1f")  
[6.135s] -- Found FastRTPS: /opt/ros/foxy/include  
[6.470s] -- Using all available rosidl_typesupport_cpp: rosidl_typesupport_fastrtps_cpp;rosidl_typesupport_introspection_cpp
[6.776s] -- Found rmw_implementation_cmake: 1.0.4 (/opt/ros/foxy/share/rmw_implementation_cmake/cmake)
[6.783s] -- Using RMW implementation 'rmw_fastrtps_cpp' as default
[6.790s] -- Looking for pthread.h
[7.303s] -- Looking for pthread.h - found
[7.316s] -- Performing Test CMAKE_HAVE_LIBC_PTHREAD
[7.609s] -- Performing Test CMAKE_HAVE_LIBC_PTHREAD - Failed
[7.610s] -- Looking for pthread_create in pthreads
[7.873s] -- Looking for pthread_create in pthreads - not found
[7.875s] -- Looking for pthread_create in pthread
[8.184s] -- Looking for pthread_create in pthread - found
[8.187s] -- Found Threads: TRUE  
[8.664s] -- Found std_srvs: 2.0.5 (/opt/ros/foxy/share/std_srvs/cmake)
[8.692s] -- Found ament_lint_auto: 0.9.8 (/opt/ros/foxy/share/ament_lint_auto/cmake)
[8.892s] -- Added test 'copyright' to check source files copyright and LICENSE
[8.894s] -- Added test 'cppcheck' to perform static code analysis on C / C++ code
[8.895s] -- Configured cppcheck include dirs: 
[8.895s] -- Configured cppcheck exclude dirs and/or files: 
[8.897s] -- Added test 'cpplint' to check C / C++ code against the Google style
[8.897s] -- Configured cpplint exclude dirs and/or files: 
[8.898s] -- Added test 'lint_cmake' to check CMake code style
[8.902s] -- Added test 'uncrustify' to check C / C++ code style
[8.902s] -- Configured uncrustify additional arguments: 
[8.902s] -- Added test 'xmllint' to check XML markup files
[8.919s] -- Configuring done
[8.954s] -- Generating done
[8.972s] -- Build files have been written to: /home/suibian9106/mycodes/ros_workspace/colcon_ws/build/learning_parameter
[8.994s] Invoked command in '/home/suibian9106/mycodes/ros_workspace/colcon_ws/build/learning_parameter' returned '0': CMAKE_PREFIX_PATH=/opt/ros/foxy /usr/bin/cmake /home/suibian9106/mycodes/ros_workspace/colcon_ws/src/learning_parameter -DCMAKE_INSTALL_PREFIX=/home/suibian9106/mycodes/ros_workspace/colcon_ws/install/learning_parameter
[8.995s] Invoking command in '/home/suibian9106/mycodes/ros_workspace/colcon_ws/build/learning_parameter': CMAKE_PREFIX_PATH=/opt/ros/foxy /usr/bin/cmake --build /home/suibian9106/mycodes/ros_workspace/colcon_ws/build/learning_parameter -- -j2 -l2
[9.130s] [35m[1mScanning dependencies of target parameter_config[0m
[9.576s] [ 50%] [32mBuilding CXX object CMakeFiles/parameter_config.dir/src/parameter_config.cpp.o[0m
[33.449s] [100%] [32m[1mLinking CXX executable parameter_config[0m
[34.424s] [100%] Built target parameter_config
[34.580s] Invoked command in '/home/suibian9106/mycodes/ros_workspace/colcon_ws/build/learning_parameter' returned '0': CMAKE_PREFIX_PATH=/opt/ros/foxy /usr/bin/cmake --build /home/suibian9106/mycodes/ros_workspace/colcon_ws/build/learning_parameter -- -j2 -l2
[34.635s] Invoking command in '/home/suibian9106/mycodes/ros_workspace/colcon_ws/build/learning_parameter': CMAKE_PREFIX_PATH=/opt/ros/foxy /usr/bin/cmake --install /home/suibian9106/mycodes/ros_workspace/colcon_ws/build/learning_parameter
[34.693s] -- Install configuration: ""
[34.697s] -- Installing: /home/suibian9106/mycodes/ros_workspace/colcon_ws/install/learning_parameter/lib/learning_parameter/parameter_config
[34.708s] -- Set runtime path of "/home/suibian9106/mycodes/ros_workspace/colcon_ws/install/learning_parameter/lib/learning_parameter/parameter_config" to ""
[34.718s] -- Installing: /home/suibian9106/mycodes/ros_workspace/colcon_ws/install/learning_parameter/share/ament_index/resource_index/package_run_dependencies/learning_parameter
[34.723s] -- Installing: /home/suibian9106/mycodes/ros_workspace/colcon_ws/install/learning_parameter/share/ament_index/resource_index/parent_prefix_path/learning_parameter
[34.732s] -- Installing: /home/suibian9106/mycodes/ros_workspace/colcon_ws/install/learning_parameter/share/learning_parameter/environment/ament_prefix_path.sh
[34.740s] -- Installing: /home/suibian9106/mycodes/ros_workspace/colcon_ws/install/learning_parameter/share/learning_parameter/environment/ament_prefix_path.dsv
[34.747s] -- Installing: /home/suibian9106/mycodes/ros_workspace/colcon_ws/install/learning_parameter/share/learning_parameter/environment/path.sh
[34.752s] -- Installing: /home/suibian9106/mycodes/ros_workspace/colcon_ws/install/learning_parameter/share/learning_parameter/environment/path.dsv
[34.756s] -- Installing: /home/suibian9106/mycodes/ros_workspace/colcon_ws/install/learning_parameter/share/learning_parameter/local_setup.bash
[34.760s] -- Installing: /home/suibian9106/mycodes/ros_workspace/colcon_ws/install/learning_parameter/share/learning_parameter/local_setup.sh
[34.767s] -- Installing: /home/suibian9106/mycodes/ros_workspace/colcon_ws/install/learning_parameter/share/learning_parameter/local_setup.zsh
[34.771s] -- Installing: /home/suibian9106/mycodes/ros_workspace/colcon_ws/install/learning_parameter/share/learning_parameter/local_setup.dsv
[34.775s] -- Installing: /home/suibian9106/mycodes/ros_workspace/colcon_ws/install/learning_parameter/share/learning_parameter/package.dsv
[34.779s] -- Installing: /home/suibian9106/mycodes/ros_workspace/colcon_ws/install/learning_parameter/share/ament_index/resource_index/packages/learning_parameter
[34.784s] -- Installing: /home/suibian9106/mycodes/ros_workspace/colcon_ws/install/learning_parameter/share/learning_parameter/cmake/learning_parameterConfig.cmake
[34.789s] -- Installing: /home/suibian9106/mycodes/ros_workspace/colcon_ws/install/learning_parameter/share/learning_parameter/cmake/learning_parameterConfig-version.cmake
[34.794s] -- Installing: /home/suibian9106/mycodes/ros_workspace/colcon_ws/install/learning_parameter/share/learning_parameter/package.xml
[34.826s] Invoked command in '/home/suibian9106/mycodes/ros_workspace/colcon_ws/build/learning_parameter' returned '0': CMAKE_PREFIX_PATH=/opt/ros/foxy /usr/bin/cmake --install /home/suibian9106/mycodes/ros_workspace/colcon_ws/build/learning_parameter
