-- Found ament_cmake: 0.9.12 (/opt/ros/foxy/share/ament_cmake/cmake)
-- Using PYTHON_EXECUTABLE: /usr/bin/python3
-- Found rclcpp: 2.4.3 (/opt/ros/foxy/share/rclcpp/cmake)
-- Using all available rosidl_typesupport_c: rosidl_typesupport_fastrtps_c;rosidl_typesupport_introspection_c
-- Found rosidl_adapter: 1.3.1 (/opt/ros/foxy/share/rosidl_adapter/cmake)
-- Using all available rosidl_typesupport_cpp: rosidl_typesupport_fastrtps_cpp;rosidl_typesupport_introspection_cpp
-- Found rmw_implementation_cmake: 1.0.4 (/opt/ros/foxy/share/rmw_implementation_cmake/cmake)
-- Using RMW implementation 'rmw_fastrtps_cpp' as default
-- Found geometry_msgs: 2.0.5 (/opt/ros/foxy/share/geometry_msgs/cmake)
-- Found turtlesim: 1.2.6 (/opt/ros/foxy/share/turtlesim/cmake)
-- Found ament_lint_auto: 0.9.8 (/opt/ros/foxy/share/ament_lint_auto/cmake)
-- Added test 'copyright' to check source files copyright and LICENSE
-- Added test 'cppcheck' to perform static code analysis on C / C++ code
-- Configured cppcheck include dirs: 
-- Configured cppcheck exclude dirs and/or files: 
-- Added test 'cpplint' to check C / C++ code against the Google style
-- Configured cpplint exclude dirs and/or files: 
-- Added test 'lint_cmake' to check CMake code style
-- Added test 'uncrustify' to check C / C++ code style
-- Configured uncrustify additional arguments: 
-- Added test 'xmllint' to check XML markup files
-- Configuring done
-- Generating done
-- Build files have been written to: /home/suibian9106/mycodes/ros_workspace/colcon_ws/build/learning_topic
[35m[1mScanning dependencies of target pose_subscriber[0m
[35m[1mScanning dependencies of target velocity_publisher[0m
[ 25%] [32mBuilding CXX object CMakeFiles/pose_subscriber.dir/src/pose_subscriber.cpp.o[0m
[ 50%] [32mBuilding CXX object CMakeFiles/velocity_publisher.dir/src/velocity_publisher.cpp.o[0m
[ 75%] [32m[1mLinking CXX executable velocity_publisher[0m
[ 75%] Built target velocity_publisher
[100%] [32m[1mLinking CXX executable pose_subscriber[0m
[100%] Built target pose_subscriber
-- Install configuration: ""
-- Installing: /home/suibian9106/mycodes/ros_workspace/colcon_ws/install/learning_topic/lib/learning_topic/velocity_publisher
-- Set runtime path of "/home/suibian9106/mycodes/ros_workspace/colcon_ws/install/learning_topic/lib/learning_topic/velocity_publisher" to ""
-- Installing: /home/suibian9106/mycodes/ros_workspace/colcon_ws/install/learning_topic/lib/learning_topic/pose_subscriber
-- Set runtime path of "/home/suibian9106/mycodes/ros_workspace/colcon_ws/install/learning_topic/lib/learning_topic/pose_subscriber" to ""
-- Up-to-date: /home/suibian9106/mycodes/ros_workspace/colcon_ws/install/learning_topic/share/ament_index/resource_index/package_run_dependencies/learning_topic
-- Up-to-date: /home/suibian9106/mycodes/ros_workspace/colcon_ws/install/learning_topic/share/ament_index/resource_index/parent_prefix_path/learning_topic
-- Installing: /home/suibian9106/mycodes/ros_workspace/colcon_ws/install/learning_topic/share/learning_topic/environment/ament_prefix_path.sh
-- Installing: /home/suibian9106/mycodes/ros_workspace/colcon_ws/install/learning_topic/share/learning_topic/environment/ament_prefix_path.dsv
-- Installing: /home/suibian9106/mycodes/ros_workspace/colcon_ws/install/learning_topic/share/learning_topic/environment/path.sh
-- Installing: /home/suibian9106/mycodes/ros_workspace/colcon_ws/install/learning_topic/share/learning_topic/environment/path.dsv
-- Up-to-date: /home/suibian9106/mycodes/ros_workspace/colcon_ws/install/learning_topic/share/learning_topic/local_setup.bash
-- Up-to-date: /home/suibian9106/mycodes/ros_workspace/colcon_ws/install/learning_topic/share/learning_topic/local_setup.sh
-- Up-to-date: /home/suibian9106/mycodes/ros_workspace/colcon_ws/install/learning_topic/share/learning_topic/local_setup.zsh
-- Installing: /home/suibian9106/mycodes/ros_workspace/colcon_ws/install/learning_topic/share/learning_topic/local_setup.dsv
-- Installing: /home/suibian9106/mycodes/ros_workspace/colcon_ws/install/learning_topic/share/learning_topic/package.dsv
-- Up-to-date: /home/suibian9106/mycodes/ros_workspace/colcon_ws/install/learning_topic/share/ament_index/resource_index/packages/learning_topic
-- Up-to-date: /home/suibian9106/mycodes/ros_workspace/colcon_ws/install/learning_topic/share/learning_topic/cmake/learning_topicConfig.cmake
-- Up-to-date: /home/suibian9106/mycodes/ros_workspace/colcon_ws/install/learning_topic/share/learning_topic/cmake/learning_topicConfig-version.cmake
-- Up-to-date: /home/suibian9106/mycodes/ros_workspace/colcon_ws/install/learning_topic/share/learning_topic/package.xml
