[0.054s] Invoking command in '/home/suibian9106/mycodes/ros_workspace/colcon_ws/build/learning_topic': CMAKE_PREFIX_PATH=/opt/ros/foxy /usr/bin/cmake --build /home/suibian9106/mycodes/ros_workspace/colcon_ws/build/learning_topic -- -j2 -l2
[0.191s] -- Found ament_cmake: 0.9.12 (/opt/ros/foxy/share/ament_cmake/cmake)
[0.254s] -- Using PYTHON_EXECUTABLE: /usr/bin/python3
[0.916s] -- Found rclcpp: 2.4.3 (/opt/ros/foxy/share/rclcpp/cmake)
[1.041s] -- Using all available rosidl_typesupport_c: rosidl_typesupport_fastrtps_c;rosidl_typesupport_introspection_c
[1.070s] -- Found rosidl_adapter: 1.3.1 (/opt/ros/foxy/share/rosidl_adapter/cmake)
[1.454s] -- Using all available rosidl_typesupport_cpp: rosidl_typesupport_fastrtps_cpp;rosidl_typesupport_introspection_cpp
[1.630s] -- Found rmw_implementation_cmake: 1.0.4 (/opt/ros/foxy/share/rmw_implementation_cmake/cmake)
[1.634s] -- Using RMW implementation 'rmw_fastrtps_cpp' as default
[2.316s] -- Found geometry_msgs: 2.0.5 (/opt/ros/foxy/share/geometry_msgs/cmake)
[2.400s] -- Found turtlesim: 1.2.6 (/opt/ros/foxy/share/turtlesim/cmake)
[3.169s] -- Found ament_lint_auto: 0.9.8 (/opt/ros/foxy/share/ament_lint_auto/cmake)
[3.523s] -- Added test 'copyright' to check source files copyright and LICENSE
[3.527s] -- Added test 'cppcheck' to perform static code analysis on C / C++ code
[3.528s] -- Configured cppcheck include dirs: 
[3.528s] -- Configured cppcheck exclude dirs and/or files: 
[3.529s] -- Added test 'cpplint' to check C / C++ code against the Google style
[3.530s] -- Configured cpplint exclude dirs and/or files: 
[3.531s] -- Added test 'lint_cmake' to check CMake code style
[3.533s] -- Added test 'uncrustify' to check C / C++ code style
[3.533s] -- Configured uncrustify additional arguments: 
[3.535s] -- Added test 'xmllint' to check XML markup files
[3.545s] -- Configuring done
[3.645s] -- Generating done
[3.707s] -- Build files have been written to: /home/suibian9106/mycodes/ros_workspace/colcon_ws/build/learning_topic
[3.794s] [35m[1mScanning dependencies of target pose_subscriber[0m
[3.821s] [35m[1mScanning dependencies of target velocity_publisher[0m
[4.026s] [ 25%] [32mBuilding CXX object CMakeFiles/pose_subscriber.dir/src/pose_subscriber.cpp.o[0m
[4.429s] [ 50%] [32mBuilding CXX object CMakeFiles/velocity_publisher.dir/src/velocity_publisher.cpp.o[0m
[30.111s] [ 75%] [32m[1mLinking CXX executable velocity_publisher[0m
[30.756s] [ 75%] Built target velocity_publisher
[37.239s] [100%] [32m[1mLinking CXX executable pose_subscriber[0m
[38.289s] [100%] Built target pose_subscriber
[38.416s] Invoked command in '/home/suibian9106/mycodes/ros_workspace/colcon_ws/build/learning_topic' returned '0': CMAKE_PREFIX_PATH=/opt/ros/foxy /usr/bin/cmake --build /home/suibian9106/mycodes/ros_workspace/colcon_ws/build/learning_topic -- -j2 -l2
[38.422s] Invoking command in '/home/suibian9106/mycodes/ros_workspace/colcon_ws/build/learning_topic': CMAKE_PREFIX_PATH=/opt/ros/foxy /usr/bin/cmake --install /home/suibian9106/mycodes/ros_workspace/colcon_ws/build/learning_topic
[38.453s] -- Install configuration: ""
[38.460s] -- Installing: /home/suibian9106/mycodes/ros_workspace/colcon_ws/install/learning_topic/lib/learning_topic/velocity_publisher
[38.464s] -- Set runtime path of "/home/suibian9106/mycodes/ros_workspace/colcon_ws/install/learning_topic/lib/learning_topic/velocity_publisher" to ""
[38.469s] -- Installing: /home/suibian9106/mycodes/ros_workspace/colcon_ws/install/learning_topic/lib/learning_topic/pose_subscriber
[38.479s] -- Set runtime path of "/home/suibian9106/mycodes/ros_workspace/colcon_ws/install/learning_topic/lib/learning_topic/pose_subscriber" to ""
[38.484s] -- Up-to-date: /home/suibian9106/mycodes/ros_workspace/colcon_ws/install/learning_topic/share/ament_index/resource_index/package_run_dependencies/learning_topic
[38.486s] -- Up-to-date: /home/suibian9106/mycodes/ros_workspace/colcon_ws/install/learning_topic/share/ament_index/resource_index/parent_prefix_path/learning_topic
[38.488s] -- Installing: /home/suibian9106/mycodes/ros_workspace/colcon_ws/install/learning_topic/share/learning_topic/environment/ament_prefix_path.sh
[38.490s] -- Installing: /home/suibian9106/mycodes/ros_workspace/colcon_ws/install/learning_topic/share/learning_topic/environment/ament_prefix_path.dsv
[38.492s] -- Installing: /home/suibian9106/mycodes/ros_workspace/colcon_ws/install/learning_topic/share/learning_topic/environment/path.sh
[38.494s] -- Installing: /home/suibian9106/mycodes/ros_workspace/colcon_ws/install/learning_topic/share/learning_topic/environment/path.dsv
[38.495s] -- Up-to-date: /home/suibian9106/mycodes/ros_workspace/colcon_ws/install/learning_topic/share/learning_topic/local_setup.bash
[38.496s] -- Up-to-date: /home/suibian9106/mycodes/ros_workspace/colcon_ws/install/learning_topic/share/learning_topic/local_setup.sh
[38.496s] -- Up-to-date: /home/suibian9106/mycodes/ros_workspace/colcon_ws/install/learning_topic/share/learning_topic/local_setup.zsh
[38.497s] -- Installing: /home/suibian9106/mycodes/ros_workspace/colcon_ws/install/learning_topic/share/learning_topic/local_setup.dsv
[38.505s] -- Installing: /home/suibian9106/mycodes/ros_workspace/colcon_ws/install/learning_topic/share/learning_topic/package.dsv
[38.506s] -- Up-to-date: /home/suibian9106/mycodes/ros_workspace/colcon_ws/install/learning_topic/share/ament_index/resource_index/packages/learning_topic
[38.506s] -- Up-to-date: /home/suibian9106/mycodes/ros_workspace/colcon_ws/install/learning_topic/share/learning_topic/cmake/learning_topicConfig.cmake
[38.506s] -- Up-to-date: /home/suibian9106/mycodes/ros_workspace/colcon_ws/install/learning_topic/share/learning_topic/cmake/learning_topicConfig-version.cmake
[38.517s] -- Up-to-date: /home/suibian9106/mycodes/ros_workspace/colcon_ws/install/learning_topic/share/learning_topic/package.xml
[38.518s] Invoked command in '/home/suibian9106/mycodes/ros_workspace/colcon_ws/build/learning_topic' returned '0': CMAKE_PREFIX_PATH=/opt/ros/foxy /usr/bin/cmake --install /home/suibian9106/mycodes/ros_workspace/colcon_ws/build/learning_topic
