[0.927s] DEBUG:colcon:Command line arguments: ['/usr/bin/colcon', 'build']
[0.927s] DEBUG:colcon:Parsed command line arguments: Namespace(allow_overriding=[], ament_cmake_args=None, base_paths=['.'], build_base='build', catkin_cmake_args=None, catkin_skip_building_tests=False, cmake_args=None, cmake_clean_cache=False, cmake_clean_first=False, cmake_force_configure=False, cmake_target=None, cmake_target_skip_unavailable=False, continue_on_error=False, event_handlers=None, executor='parallel', ignore_user_meta=False, install_base='install', log_base=None, log_level=None, main=<bound method BuildVerb.main of <colcon_core.verb.build.BuildVerb object at 0x7f22abff85e0>>, merge_install=False, metas=['./colcon.meta'], packages_above=None, packages_above_and_dependencies=None, packages_above_depth=None, packages_end=None, packages_ignore=None, packages_ignore_regex=None, packages_select=None, packages_select_build_failed=False, packages_select_by_dep=None, packages_select_regex=None, packages_select_test_failures=False, packages_skip=None, packages_skip_build_finished=False, packages_skip_by_dep=None, packages_skip_regex=None, packages_skip_test_passed=False, packages_skip_up_to=None, packages_start=None, packages_up_to=None, packages_up_to_regex=None, parallel_workers=2, paths=None, symlink_install=False, test_result_base=None, verb_extension=<colcon_core.verb.build.BuildVerb object at 0x7f22abff85e0>, verb_name='build', verb_parser=<colcon_defaults.argument_parser.defaults.DefaultArgumentsDecorator object at 0x7f22abff8af0>)
[1.544s] Level 1:colcon.colcon_core.package_discovery:discover_packages(colcon_meta) check parameters
[1.545s] Level 1:colcon.colcon_core.package_discovery:discover_packages(recursive) check parameters
[1.545s] Level 1:colcon.colcon_core.package_discovery:discover_packages(ignore) check parameters
[1.545s] Level 1:colcon.colcon_core.package_discovery:discover_packages(path) check parameters
[1.545s] Level 1:colcon.colcon_core.package_discovery:discover_packages(colcon_meta) discover
[1.545s] Level 1:colcon.colcon_core.package_discovery:discover_packages(recursive) discover
[1.545s] INFO:colcon.colcon_core.package_discovery:Crawling recursively for packages in '/home/suibian9106/mycodes/ros_workspace/colcon_ws'
[1.545s] Level 1:colcon.colcon_core.package_identification:_identify(.) by extensions ['ignore', 'ignore_ament_install']
[1.546s] Level 1:colcon.colcon_core.package_identification:_identify(.) by extension 'ignore'
[1.546s] Level 1:colcon.colcon_core.package_identification:_identify(.) by extension 'ignore_ament_install'
[1.546s] Level 1:colcon.colcon_core.package_identification:_identify(.) by extensions ['colcon_pkg']
[1.546s] Level 1:colcon.colcon_core.package_identification:_identify(.) by extension 'colcon_pkg'
[1.546s] Level 1:colcon.colcon_core.package_identification:_identify(.) by extensions ['colcon_meta']
[1.546s] Level 1:colcon.colcon_core.package_identification:_identify(.) by extension 'colcon_meta'
[1.546s] Level 1:colcon.colcon_core.package_identification:_identify(.) by extensions ['ros']
[1.546s] Level 1:colcon.colcon_core.package_identification:_identify(.) by extension 'ros'
[1.615s] Level 1:colcon.colcon_core.package_identification:_identify(.) by extensions ['cmake', 'python']
[1.615s] Level 1:colcon.colcon_core.package_identification:_identify(.) by extension 'cmake'
[1.615s] Level 1:colcon.colcon_core.package_identification:_identify(.) by extension 'python'
[1.615s] Level 1:colcon.colcon_core.package_identification:_identify(.) by extensions ['python_setup_py']
[1.615s] Level 1:colcon.colcon_core.package_identification:_identify(.) by extension 'python_setup_py'
[1.616s] Level 1:colcon.colcon_core.package_identification:_identify(build) by extensions ['ignore', 'ignore_ament_install']
[1.616s] Level 1:colcon.colcon_core.package_identification:_identify(build) by extension 'ignore'
[1.616s] Level 1:colcon.colcon_core.package_identification:_identify(build) ignored
[1.616s] Level 1:colcon.colcon_core.package_identification:_identify(install) by extensions ['ignore', 'ignore_ament_install']
[1.617s] Level 1:colcon.colcon_core.package_identification:_identify(install) by extension 'ignore'
[1.617s] Level 1:colcon.colcon_core.package_identification:_identify(install) ignored
[1.617s] Level 1:colcon.colcon_core.package_identification:_identify(log) by extensions ['ignore', 'ignore_ament_install']
[1.617s] Level 1:colcon.colcon_core.package_identification:_identify(log) by extension 'ignore'
[1.617s] Level 1:colcon.colcon_core.package_identification:_identify(log) ignored
[1.618s] Level 1:colcon.colcon_core.package_identification:_identify(src) by extensions ['ignore', 'ignore_ament_install']
[1.618s] Level 1:colcon.colcon_core.package_identification:_identify(src) by extension 'ignore'
[1.618s] Level 1:colcon.colcon_core.package_identification:_identify(src) by extension 'ignore_ament_install'
[1.618s] Level 1:colcon.colcon_core.package_identification:_identify(src) by extensions ['colcon_pkg']
[1.618s] Level 1:colcon.colcon_core.package_identification:_identify(src) by extension 'colcon_pkg'
[1.618s] Level 1:colcon.colcon_core.package_identification:_identify(src) by extensions ['colcon_meta']
[1.619s] Level 1:colcon.colcon_core.package_identification:_identify(src) by extension 'colcon_meta'
[1.619s] Level 1:colcon.colcon_core.package_identification:_identify(src) by extensions ['ros']
[1.619s] Level 1:colcon.colcon_core.package_identification:_identify(src) by extension 'ros'
[1.619s] Level 1:colcon.colcon_core.package_identification:_identify(src) by extensions ['cmake', 'python']
[1.619s] Level 1:colcon.colcon_core.package_identification:_identify(src) by extension 'cmake'
[1.619s] Level 1:colcon.colcon_core.package_identification:_identify(src) by extension 'python'
[1.619s] Level 1:colcon.colcon_core.package_identification:_identify(src) by extensions ['python_setup_py']
[1.619s] Level 1:colcon.colcon_core.package_identification:_identify(src) by extension 'python_setup_py'
[1.620s] Level 1:colcon.colcon_core.package_identification:_identify(src/learning_parameter) by extensions ['ignore', 'ignore_ament_install']
[1.620s] Level 1:colcon.colcon_core.package_identification:_identify(src/learning_parameter) by extension 'ignore'
[1.620s] Level 1:colcon.colcon_core.package_identification:_identify(src/learning_parameter) by extension 'ignore_ament_install'
[1.620s] Level 1:colcon.colcon_core.package_identification:_identify(src/learning_parameter) by extensions ['colcon_pkg']
[1.620s] Level 1:colcon.colcon_core.package_identification:_identify(src/learning_parameter) by extension 'colcon_pkg'
[1.620s] Level 1:colcon.colcon_core.package_identification:_identify(src/learning_parameter) by extensions ['colcon_meta']
[1.620s] Level 1:colcon.colcon_core.package_identification:_identify(src/learning_parameter) by extension 'colcon_meta'
[1.621s] Level 1:colcon.colcon_core.package_identification:_identify(src/learning_parameter) by extensions ['ros']
[1.621s] Level 1:colcon.colcon_core.package_identification:_identify(src/learning_parameter) by extension 'ros'
[1.637s] DEBUG:colcon.colcon_core.package_identification:Package 'src/learning_parameter' with type 'ros.ament_cmake' and name 'learning_parameter'
[1.637s] Level 1:colcon.colcon_core.package_identification:_identify(src/learning_service) by extensions ['ignore', 'ignore_ament_install']
[1.638s] Level 1:colcon.colcon_core.package_identification:_identify(src/learning_service) by extension 'ignore'
[1.638s] Level 1:colcon.colcon_core.package_identification:_identify(src/learning_service) by extension 'ignore_ament_install'
[1.638s] Level 1:colcon.colcon_core.package_identification:_identify(src/learning_service) by extensions ['colcon_pkg']
[1.638s] Level 1:colcon.colcon_core.package_identification:_identify(src/learning_service) by extension 'colcon_pkg'
[1.639s] Level 1:colcon.colcon_core.package_identification:_identify(src/learning_service) by extensions ['colcon_meta']
[1.642s] Level 1:colcon.colcon_core.package_identification:_identify(src/learning_service) by extension 'colcon_meta'
[1.643s] Level 1:colcon.colcon_core.package_identification:_identify(src/learning_service) by extensions ['ros']
[1.643s] Level 1:colcon.colcon_core.package_identification:_identify(src/learning_service) by extension 'ros'
[1.646s] DEBUG:colcon.colcon_core.package_identification:Package 'src/learning_service' with type 'ros.ament_cmake' and name 'learning_service'
[1.655s] Level 1:colcon.colcon_core.package_identification:_identify(src/learning_topic) by extensions ['ignore', 'ignore_ament_install']
[1.656s] Level 1:colcon.colcon_core.package_identification:_identify(src/learning_topic) by extension 'ignore'
[1.656s] Level 1:colcon.colcon_core.package_identification:_identify(src/learning_topic) by extension 'ignore_ament_install'
[1.656s] Level 1:colcon.colcon_core.package_identification:_identify(src/learning_topic) by extensions ['colcon_pkg']
[1.656s] Level 1:colcon.colcon_core.package_identification:_identify(src/learning_topic) by extension 'colcon_pkg'
[1.656s] Level 1:colcon.colcon_core.package_identification:_identify(src/learning_topic) by extensions ['colcon_meta']
[1.656s] Level 1:colcon.colcon_core.package_identification:_identify(src/learning_topic) by extension 'colcon_meta'
[1.656s] Level 1:colcon.colcon_core.package_identification:_identify(src/learning_topic) by extensions ['ros']
[1.657s] Level 1:colcon.colcon_core.package_identification:_identify(src/learning_topic) by extension 'ros'
[1.659s] DEBUG:colcon.colcon_core.package_identification:Package 'src/learning_topic' with type 'ros.ament_cmake' and name 'learning_topic'
[1.659s] Level 1:colcon.colcon_core.package_discovery:discover_packages(recursive) using defaults
[1.660s] Level 1:colcon.colcon_core.package_discovery:discover_packages(ignore) discover
[1.660s] Level 1:colcon.colcon_core.package_discovery:discover_packages(ignore) using defaults
[1.660s] Level 1:colcon.colcon_core.package_discovery:discover_packages(path) discover
[1.660s] Level 1:colcon.colcon_core.package_discovery:discover_packages(path) using defaults
[1.830s] Level 1:colcon.colcon_core.package_discovery:discover_packages(prefix_path) check parameters
[1.831s] Level 1:colcon.colcon_core.package_discovery:discover_packages(prefix_path) discover
[1.838s] DEBUG:colcon.colcon_installed_package_information.package_discovery:Found 262 installed packages in /opt/ros/foxy
[1.844s] Level 1:colcon.colcon_core.package_discovery:discover_packages(prefix_path) using defaults
[2.221s] Level 5:colcon.colcon_core.verb:set package 'learning_parameter' build argument 'cmake_args' from command line to 'None'
[2.221s] Level 5:colcon.colcon_core.verb:set package 'learning_parameter' build argument 'cmake_target' from command line to 'None'
[2.222s] Level 5:colcon.colcon_core.verb:set package 'learning_parameter' build argument 'cmake_target_skip_unavailable' from command line to 'False'
[2.222s] Level 5:colcon.colcon_core.verb:set package 'learning_parameter' build argument 'cmake_clean_cache' from command line to 'False'
[2.222s] Level 5:colcon.colcon_core.verb:set package 'learning_parameter' build argument 'cmake_clean_first' from command line to 'False'
[2.222s] Level 5:colcon.colcon_core.verb:set package 'learning_parameter' build argument 'cmake_force_configure' from command line to 'False'
[2.222s] Level 5:colcon.colcon_core.verb:set package 'learning_parameter' build argument 'ament_cmake_args' from command line to 'None'
[2.222s] Level 5:colcon.colcon_core.verb:set package 'learning_parameter' build argument 'catkin_cmake_args' from command line to 'None'
[2.222s] Level 5:colcon.colcon_core.verb:set package 'learning_parameter' build argument 'catkin_skip_building_tests' from command line to 'False'
[2.222s] DEBUG:colcon.colcon_core.verb:Building package 'learning_parameter' with the following arguments: {'ament_cmake_args': None, 'build_base': '/home/suibian9106/mycodes/ros_workspace/colcon_ws/build/learning_parameter', 'catkin_cmake_args': None, 'catkin_skip_building_tests': False, 'cmake_args': None, 'cmake_clean_cache': False, 'cmake_clean_first': False, 'cmake_force_configure': False, 'cmake_target': None, 'cmake_target_skip_unavailable': False, 'install_base': '/home/suibian9106/mycodes/ros_workspace/colcon_ws/install/learning_parameter', 'merge_install': False, 'path': '/home/suibian9106/mycodes/ros_workspace/colcon_ws/src/learning_parameter', 'symlink_install': False, 'test_result_base': None}
[2.224s] Level 5:colcon.colcon_core.verb:set package 'learning_service' build argument 'cmake_args' from command line to 'None'
[2.224s] Level 5:colcon.colcon_core.verb:set package 'learning_service' build argument 'cmake_target' from command line to 'None'
[2.224s] Level 5:colcon.colcon_core.verb:set package 'learning_service' build argument 'cmake_target_skip_unavailable' from command line to 'False'
[2.224s] Level 5:colcon.colcon_core.verb:set package 'learning_service' build argument 'cmake_clean_cache' from command line to 'False'
[2.224s] Level 5:colcon.colcon_core.verb:set package 'learning_service' build argument 'cmake_clean_first' from command line to 'False'
[2.225s] Level 5:colcon.colcon_core.verb:set package 'learning_service' build argument 'cmake_force_configure' from command line to 'False'
[2.225s] Level 5:colcon.colcon_core.verb:set package 'learning_service' build argument 'ament_cmake_args' from command line to 'None'
[2.225s] Level 5:colcon.colcon_core.verb:set package 'learning_service' build argument 'catkin_cmake_args' from command line to 'None'
[2.225s] Level 5:colcon.colcon_core.verb:set package 'learning_service' build argument 'catkin_skip_building_tests' from command line to 'False'
[2.225s] DEBUG:colcon.colcon_core.verb:Building package 'learning_service' with the following arguments: {'ament_cmake_args': None, 'build_base': '/home/suibian9106/mycodes/ros_workspace/colcon_ws/build/learning_service', 'catkin_cmake_args': None, 'catkin_skip_building_tests': False, 'cmake_args': None, 'cmake_clean_cache': False, 'cmake_clean_first': False, 'cmake_force_configure': False, 'cmake_target': None, 'cmake_target_skip_unavailable': False, 'install_base': '/home/suibian9106/mycodes/ros_workspace/colcon_ws/install/learning_service', 'merge_install': False, 'path': '/home/suibian9106/mycodes/ros_workspace/colcon_ws/src/learning_service', 'symlink_install': False, 'test_result_base': None}
[2.226s] Level 5:colcon.colcon_core.verb:set package 'learning_topic' build argument 'cmake_args' from command line to 'None'
[2.227s] Level 5:colcon.colcon_core.verb:set package 'learning_topic' build argument 'cmake_target' from command line to 'None'
[2.227s] Level 5:colcon.colcon_core.verb:set package 'learning_topic' build argument 'cmake_target_skip_unavailable' from command line to 'False'
[2.227s] Level 5:colcon.colcon_core.verb:set package 'learning_topic' build argument 'cmake_clean_cache' from command line to 'False'
[2.227s] Level 5:colcon.colcon_core.verb:set package 'learning_topic' build argument 'cmake_clean_first' from command line to 'False'
[2.227s] Level 5:colcon.colcon_core.verb:set package 'learning_topic' build argument 'cmake_force_configure' from command line to 'False'
[2.227s] Level 5:colcon.colcon_core.verb:set package 'learning_topic' build argument 'ament_cmake_args' from command line to 'None'
[2.228s] Level 5:colcon.colcon_core.verb:set package 'learning_topic' build argument 'catkin_cmake_args' from command line to 'None'
[2.228s] Level 5:colcon.colcon_core.verb:set package 'learning_topic' build argument 'catkin_skip_building_tests' from command line to 'False'
[2.228s] DEBUG:colcon.colcon_core.verb:Building package 'learning_topic' with the following arguments: {'ament_cmake_args': None, 'build_base': '/home/suibian9106/mycodes/ros_workspace/colcon_ws/build/learning_topic', 'catkin_cmake_args': None, 'catkin_skip_building_tests': False, 'cmake_args': None, 'cmake_clean_cache': False, 'cmake_clean_first': False, 'cmake_force_configure': False, 'cmake_target': None, 'cmake_target_skip_unavailable': False, 'install_base': '/home/suibian9106/mycodes/ros_workspace/colcon_ws/install/learning_topic', 'merge_install': False, 'path': '/home/suibian9106/mycodes/ros_workspace/colcon_ws/src/learning_topic', 'symlink_install': False, 'test_result_base': None}
[2.228s] INFO:colcon.colcon_core.executor:Executing jobs using 'parallel' executor
[2.233s] DEBUG:colcon.colcon_parallel_executor.executor.parallel:run_until_complete
[2.234s] INFO:colcon.colcon_ros.task.ament_cmake.build:Building ROS package in '/home/suibian9106/mycodes/ros_workspace/colcon_ws/src/learning_parameter' with build type 'ament_cmake'
[2.235s] INFO:colcon.colcon_cmake.task.cmake.build:Building CMake package in '/home/suibian9106/mycodes/ros_workspace/colcon_ws/src/learning_parameter'
[2.242s] INFO:colcon.colcon_core.plugin_system:Skipping extension 'colcon_core.shell.bat': Not used on non-Windows systems
[2.242s] INFO:colcon.colcon_core.shell:Skip shell extension 'powershell' for command environment: Not usable outside of PowerShell
[2.243s] DEBUG:colcon.colcon_core.shell:Skip shell extension 'dsv' for command environment
[2.272s] INFO:colcon.colcon_ros.task.ament_cmake.build:Building ROS package in '/home/suibian9106/mycodes/ros_workspace/colcon_ws/src/learning_service' with build type 'ament_cmake'
[2.273s] INFO:colcon.colcon_cmake.task.cmake.build:Building CMake package in '/home/suibian9106/mycodes/ros_workspace/colcon_ws/src/learning_service'
[2.275s] INFO:colcon.colcon_core.shell:Skip shell extension 'powershell' for command environment: Not usable outside of PowerShell
[2.276s] DEBUG:colcon.colcon_core.shell:Skip shell extension 'dsv' for command environment
[2.357s] DEBUG:colcon.colcon_core.event_handler.log_command:Invoking command in '/home/suibian9106/mycodes/ros_workspace/colcon_ws/build/learning_parameter': CMAKE_PREFIX_PATH=/opt/ros/foxy /usr/bin/cmake /home/suibian9106/mycodes/ros_workspace/colcon_ws/src/learning_parameter -DCMAKE_INSTALL_PREFIX=/home/suibian9106/mycodes/ros_workspace/colcon_ws/install/learning_parameter
[2.459s] DEBUG:colcon.colcon_core.event_handler.log_command:Invoking command in '/home/suibian9106/mycodes/ros_workspace/colcon_ws/build/learning_service': CMAKE_PREFIX_PATH=/opt/ros/foxy /usr/bin/cmake --build /home/suibian9106/mycodes/ros_workspace/colcon_ws/build/learning_service -- -j2 -l2
[9.640s] DEBUG:colcon.colcon_core.event_handler.log_command:Invoked command in '/home/suibian9106/mycodes/ros_workspace/colcon_ws/build/learning_service' returned '0': CMAKE_PREFIX_PATH=/opt/ros/foxy /usr/bin/cmake --build /home/suibian9106/mycodes/ros_workspace/colcon_ws/build/learning_service -- -j2 -l2
[9.681s] DEBUG:colcon.colcon_core.event_handler.log_command:Invoking command in '/home/suibian9106/mycodes/ros_workspace/colcon_ws/build/learning_service': CMAKE_PREFIX_PATH=/opt/ros/foxy /usr/bin/cmake --install /home/suibian9106/mycodes/ros_workspace/colcon_ws/build/learning_service
[9.733s] Level 1:colcon.colcon_core.environment:create_environment_scripts_only(learning_service)
[9.750s] Level 1:colcon.colcon_core.environment:checking '/home/suibian9106/mycodes/ros_workspace/colcon_ws/install/learning_service' for CMake module files
[9.754s] DEBUG:colcon.colcon_core.event_handler.log_command:Invoked command in '/home/suibian9106/mycodes/ros_workspace/colcon_ws/build/learning_service' returned '0': CMAKE_PREFIX_PATH=/opt/ros/foxy /usr/bin/cmake --install /home/suibian9106/mycodes/ros_workspace/colcon_ws/build/learning_service
[9.755s] Level 1:colcon.colcon_core.environment:checking '/home/suibian9106/mycodes/ros_workspace/colcon_ws/install/learning_service' for CMake config files
[9.759s] Level 1:colcon.colcon_core.shell:create_environment_hook('learning_service', 'cmake_prefix_path')
[9.761s] INFO:colcon.colcon_core.shell:Creating environment hook '/home/suibian9106/mycodes/ros_workspace/colcon_ws/install/learning_service/share/learning_service/hook/cmake_prefix_path.ps1'
[9.763s] INFO:colcon.colcon_core.shell:Creating environment descriptor '/home/suibian9106/mycodes/ros_workspace/colcon_ws/install/learning_service/share/learning_service/hook/cmake_prefix_path.dsv'
[9.765s] INFO:colcon.colcon_core.shell:Creating environment hook '/home/suibian9106/mycodes/ros_workspace/colcon_ws/install/learning_service/share/learning_service/hook/cmake_prefix_path.sh'
[9.769s] Level 1:colcon.colcon_core.environment:checking '/home/suibian9106/mycodes/ros_workspace/colcon_ws/install/learning_service/lib'
[9.770s] Level 1:colcon.colcon_core.environment:checking '/home/suibian9106/mycodes/ros_workspace/colcon_ws/install/learning_service/bin'
[9.772s] Level 1:colcon.colcon_core.environment:checking '/home/suibian9106/mycodes/ros_workspace/colcon_ws/install/learning_service/lib/pkgconfig/learning_service.pc'
[9.773s] Level 1:colcon.colcon_core.environment:checking '/home/suibian9106/mycodes/ros_workspace/colcon_ws/install/learning_service/lib/python3.8/site-packages'
[9.774s] Level 1:colcon.colcon_core.environment:checking '/home/suibian9106/mycodes/ros_workspace/colcon_ws/install/learning_service/bin'
[9.781s] INFO:colcon.colcon_core.shell:Creating package script '/home/suibian9106/mycodes/ros_workspace/colcon_ws/install/learning_service/share/learning_service/package.ps1'
[9.793s] INFO:colcon.colcon_core.shell:Creating package descriptor '/home/suibian9106/mycodes/ros_workspace/colcon_ws/install/learning_service/share/learning_service/package.dsv'
[9.795s] INFO:colcon.colcon_core.shell:Creating package script '/home/suibian9106/mycodes/ros_workspace/colcon_ws/install/learning_service/share/learning_service/package.sh'
[9.815s] INFO:colcon.colcon_core.shell:Creating package script '/home/suibian9106/mycodes/ros_workspace/colcon_ws/install/learning_service/share/learning_service/package.bash'
[9.817s] INFO:colcon.colcon_core.shell:Creating package script '/home/suibian9106/mycodes/ros_workspace/colcon_ws/install/learning_service/share/learning_service/package.zsh'
[9.829s] Level 1:colcon.colcon_core.environment:create_file_with_runtime_dependencies(/home/suibian9106/mycodes/ros_workspace/colcon_ws/install/learning_service/share/colcon-core/packages/learning_service)
[9.857s] Level 1:colcon.colcon_core.environment:create_environment_scripts_only(learning_service)
[9.858s] Level 1:colcon.colcon_core.environment:checking '/home/suibian9106/mycodes/ros_workspace/colcon_ws/install/learning_service' for CMake module files
[9.867s] Level 1:colcon.colcon_core.environment:checking '/home/suibian9106/mycodes/ros_workspace/colcon_ws/install/learning_service' for CMake config files
[9.868s] Level 1:colcon.colcon_core.shell:create_environment_hook('learning_service', 'cmake_prefix_path')
[9.868s] INFO:colcon.colcon_core.shell:Creating environment hook '/home/suibian9106/mycodes/ros_workspace/colcon_ws/install/learning_service/share/learning_service/hook/cmake_prefix_path.ps1'
[9.869s] INFO:colcon.colcon_core.shell:Creating environment descriptor '/home/suibian9106/mycodes/ros_workspace/colcon_ws/install/learning_service/share/learning_service/hook/cmake_prefix_path.dsv'
[9.871s] INFO:colcon.colcon_core.shell:Creating environment hook '/home/suibian9106/mycodes/ros_workspace/colcon_ws/install/learning_service/share/learning_service/hook/cmake_prefix_path.sh'
[9.872s] Level 1:colcon.colcon_core.environment:checking '/home/suibian9106/mycodes/ros_workspace/colcon_ws/install/learning_service/lib'
[9.872s] Level 1:colcon.colcon_core.environment:checking '/home/suibian9106/mycodes/ros_workspace/colcon_ws/install/learning_service/bin'
[9.872s] Level 1:colcon.colcon_core.environment:checking '/home/suibian9106/mycodes/ros_workspace/colcon_ws/install/learning_service/lib/pkgconfig/learning_service.pc'
[9.873s] Level 1:colcon.colcon_core.environment:checking '/home/suibian9106/mycodes/ros_workspace/colcon_ws/install/learning_service/lib/python3.8/site-packages'
[9.873s] Level 1:colcon.colcon_core.environment:checking '/home/suibian9106/mycodes/ros_workspace/colcon_ws/install/learning_service/bin'
[9.874s] INFO:colcon.colcon_core.shell:Creating package script '/home/suibian9106/mycodes/ros_workspace/colcon_ws/install/learning_service/share/learning_service/package.ps1'
[9.879s] INFO:colcon.colcon_core.shell:Creating package descriptor '/home/suibian9106/mycodes/ros_workspace/colcon_ws/install/learning_service/share/learning_service/package.dsv'
[9.885s] INFO:colcon.colcon_core.shell:Creating package script '/home/suibian9106/mycodes/ros_workspace/colcon_ws/install/learning_service/share/learning_service/package.sh'
[9.886s] INFO:colcon.colcon_core.shell:Creating package script '/home/suibian9106/mycodes/ros_workspace/colcon_ws/install/learning_service/share/learning_service/package.bash'
[9.888s] INFO:colcon.colcon_core.shell:Creating package script '/home/suibian9106/mycodes/ros_workspace/colcon_ws/install/learning_service/share/learning_service/package.zsh'
[9.889s] Level 1:colcon.colcon_core.environment:create_file_with_runtime_dependencies(/home/suibian9106/mycodes/ros_workspace/colcon_ws/install/learning_service/share/colcon-core/packages/learning_service)
[9.898s] INFO:colcon.colcon_ros.task.ament_cmake.build:Building ROS package in '/home/suibian9106/mycodes/ros_workspace/colcon_ws/src/learning_topic' with build type 'ament_cmake'
[9.899s] INFO:colcon.colcon_cmake.task.cmake.build:Building CMake package in '/home/suibian9106/mycodes/ros_workspace/colcon_ws/src/learning_topic'
[9.899s] INFO:colcon.colcon_core.shell:Skip shell extension 'powershell' for command environment: Not usable outside of PowerShell
[9.900s] DEBUG:colcon.colcon_core.shell:Skip shell extension 'dsv' for command environment
[9.952s] DEBUG:colcon.colcon_core.event_handler.log_command:Invoking command in '/home/suibian9106/mycodes/ros_workspace/colcon_ws/build/learning_topic': CMAKE_PREFIX_PATH=/opt/ros/foxy /usr/bin/cmake --build /home/suibian9106/mycodes/ros_workspace/colcon_ws/build/learning_topic -- -j2 -l2
[11.241s] DEBUG:colcon.colcon_core.event_handler.log_command:Invoked command in '/home/suibian9106/mycodes/ros_workspace/colcon_ws/build/learning_parameter' returned '0': CMAKE_PREFIX_PATH=/opt/ros/foxy /usr/bin/cmake /home/suibian9106/mycodes/ros_workspace/colcon_ws/src/learning_parameter -DCMAKE_INSTALL_PREFIX=/home/suibian9106/mycodes/ros_workspace/colcon_ws/install/learning_parameter
[11.243s] DEBUG:colcon.colcon_core.event_handler.log_command:Invoking command in '/home/suibian9106/mycodes/ros_workspace/colcon_ws/build/learning_parameter': CMAKE_PREFIX_PATH=/opt/ros/foxy /usr/bin/cmake --build /home/suibian9106/mycodes/ros_workspace/colcon_ws/build/learning_parameter -- -j2 -l2
[36.835s] DEBUG:colcon.colcon_core.event_handler.log_command:Invoked command in '/home/suibian9106/mycodes/ros_workspace/colcon_ws/build/learning_parameter' returned '0': CMAKE_PREFIX_PATH=/opt/ros/foxy /usr/bin/cmake --build /home/suibian9106/mycodes/ros_workspace/colcon_ws/build/learning_parameter -- -j2 -l2
[36.889s] DEBUG:colcon.colcon_core.event_handler.log_command:Invoking command in '/home/suibian9106/mycodes/ros_workspace/colcon_ws/build/learning_parameter': CMAKE_PREFIX_PATH=/opt/ros/foxy /usr/bin/cmake --install /home/suibian9106/mycodes/ros_workspace/colcon_ws/build/learning_parameter
[37.050s] Level 1:colcon.colcon_core.environment:create_environment_scripts_only(learning_parameter)
[37.079s] DEBUG:colcon.colcon_core.event_handler.log_command:Invoked command in '/home/suibian9106/mycodes/ros_workspace/colcon_ws/build/learning_parameter' returned '0': CMAKE_PREFIX_PATH=/opt/ros/foxy /usr/bin/cmake --install /home/suibian9106/mycodes/ros_workspace/colcon_ws/build/learning_parameter
[37.083s] Level 1:colcon.colcon_core.environment:checking '/home/suibian9106/mycodes/ros_workspace/colcon_ws/install/learning_parameter' for CMake module files
[37.086s] Level 1:colcon.colcon_core.environment:checking '/home/suibian9106/mycodes/ros_workspace/colcon_ws/install/learning_parameter' for CMake config files
[37.099s] Level 1:colcon.colcon_core.shell:create_environment_hook('learning_parameter', 'cmake_prefix_path')
[37.102s] INFO:colcon.colcon_core.shell:Creating environment hook '/home/suibian9106/mycodes/ros_workspace/colcon_ws/install/learning_parameter/share/learning_parameter/hook/cmake_prefix_path.ps1'
[37.123s] INFO:colcon.colcon_core.shell:Creating environment descriptor '/home/suibian9106/mycodes/ros_workspace/colcon_ws/install/learning_parameter/share/learning_parameter/hook/cmake_prefix_path.dsv'
[37.128s] INFO:colcon.colcon_core.shell:Creating environment hook '/home/suibian9106/mycodes/ros_workspace/colcon_ws/install/learning_parameter/share/learning_parameter/hook/cmake_prefix_path.sh'
[37.139s] Level 1:colcon.colcon_core.environment:checking '/home/suibian9106/mycodes/ros_workspace/colcon_ws/install/learning_parameter/lib'
[37.141s] Level 1:colcon.colcon_core.environment:checking '/home/suibian9106/mycodes/ros_workspace/colcon_ws/install/learning_parameter/bin'
[37.142s] Level 1:colcon.colcon_core.environment:checking '/home/suibian9106/mycodes/ros_workspace/colcon_ws/install/learning_parameter/lib/pkgconfig/learning_parameter.pc'
[37.150s] Level 1:colcon.colcon_core.environment:checking '/home/suibian9106/mycodes/ros_workspace/colcon_ws/install/learning_parameter/lib/python3.8/site-packages'
[37.151s] Level 1:colcon.colcon_core.environment:checking '/home/suibian9106/mycodes/ros_workspace/colcon_ws/install/learning_parameter/bin'
[37.154s] INFO:colcon.colcon_core.shell:Creating package script '/home/suibian9106/mycodes/ros_workspace/colcon_ws/install/learning_parameter/share/learning_parameter/package.ps1'
[37.165s] INFO:colcon.colcon_core.shell:Creating package descriptor '/home/suibian9106/mycodes/ros_workspace/colcon_ws/install/learning_parameter/share/learning_parameter/package.dsv'
[37.173s] INFO:colcon.colcon_core.shell:Creating package script '/home/suibian9106/mycodes/ros_workspace/colcon_ws/install/learning_parameter/share/learning_parameter/package.sh'
[37.181s] INFO:colcon.colcon_core.shell:Creating package script '/home/suibian9106/mycodes/ros_workspace/colcon_ws/install/learning_parameter/share/learning_parameter/package.bash'
[37.193s] INFO:colcon.colcon_core.shell:Creating package script '/home/suibian9106/mycodes/ros_workspace/colcon_ws/install/learning_parameter/share/learning_parameter/package.zsh'
[37.211s] Level 1:colcon.colcon_core.environment:create_file_with_runtime_dependencies(/home/suibian9106/mycodes/ros_workspace/colcon_ws/install/learning_parameter/share/colcon-core/packages/learning_parameter)
[37.217s] Level 1:colcon.colcon_core.environment:create_environment_scripts_only(learning_parameter)
[37.217s] Level 1:colcon.colcon_core.environment:checking '/home/suibian9106/mycodes/ros_workspace/colcon_ws/install/learning_parameter' for CMake module files
[37.223s] Level 1:colcon.colcon_core.environment:checking '/home/suibian9106/mycodes/ros_workspace/colcon_ws/install/learning_parameter' for CMake config files
[37.227s] Level 1:colcon.colcon_core.shell:create_environment_hook('learning_parameter', 'cmake_prefix_path')
[37.227s] INFO:colcon.colcon_core.shell:Creating environment hook '/home/suibian9106/mycodes/ros_workspace/colcon_ws/install/learning_parameter/share/learning_parameter/hook/cmake_prefix_path.ps1'
[37.232s] INFO:colcon.colcon_core.shell:Creating environment descriptor '/home/suibian9106/mycodes/ros_workspace/colcon_ws/install/learning_parameter/share/learning_parameter/hook/cmake_prefix_path.dsv'
[37.239s] INFO:colcon.colcon_core.shell:Creating environment hook '/home/suibian9106/mycodes/ros_workspace/colcon_ws/install/learning_parameter/share/learning_parameter/hook/cmake_prefix_path.sh'
[37.241s] Level 1:colcon.colcon_core.environment:checking '/home/suibian9106/mycodes/ros_workspace/colcon_ws/install/learning_parameter/lib'
[37.242s] Level 1:colcon.colcon_core.environment:checking '/home/suibian9106/mycodes/ros_workspace/colcon_ws/install/learning_parameter/bin'
[37.251s] Level 1:colcon.colcon_core.environment:checking '/home/suibian9106/mycodes/ros_workspace/colcon_ws/install/learning_parameter/lib/pkgconfig/learning_parameter.pc'
[37.252s] Level 1:colcon.colcon_core.environment:checking '/home/suibian9106/mycodes/ros_workspace/colcon_ws/install/learning_parameter/lib/python3.8/site-packages'
[37.256s] Level 1:colcon.colcon_core.environment:checking '/home/suibian9106/mycodes/ros_workspace/colcon_ws/install/learning_parameter/bin'
[37.257s] INFO:colcon.colcon_core.shell:Creating package script '/home/suibian9106/mycodes/ros_workspace/colcon_ws/install/learning_parameter/share/learning_parameter/package.ps1'
[37.259s] INFO:colcon.colcon_core.shell:Creating package descriptor '/home/suibian9106/mycodes/ros_workspace/colcon_ws/install/learning_parameter/share/learning_parameter/package.dsv'
[37.261s] INFO:colcon.colcon_core.shell:Creating package script '/home/suibian9106/mycodes/ros_workspace/colcon_ws/install/learning_parameter/share/learning_parameter/package.sh'
[37.264s] INFO:colcon.colcon_core.shell:Creating package script '/home/suibian9106/mycodes/ros_workspace/colcon_ws/install/learning_parameter/share/learning_parameter/package.bash'
[37.268s] INFO:colcon.colcon_core.shell:Creating package script '/home/suibian9106/mycodes/ros_workspace/colcon_ws/install/learning_parameter/share/learning_parameter/package.zsh'
[37.277s] Level 1:colcon.colcon_core.environment:create_file_with_runtime_dependencies(/home/suibian9106/mycodes/ros_workspace/colcon_ws/install/learning_parameter/share/colcon-core/packages/learning_parameter)
[48.315s] DEBUG:colcon.colcon_core.event_handler.log_command:Invoked command in '/home/suibian9106/mycodes/ros_workspace/colcon_ws/build/learning_topic' returned '0': CMAKE_PREFIX_PATH=/opt/ros/foxy /usr/bin/cmake --build /home/suibian9106/mycodes/ros_workspace/colcon_ws/build/learning_topic -- -j2 -l2
[48.320s] DEBUG:colcon.colcon_core.event_handler.log_command:Invoking command in '/home/suibian9106/mycodes/ros_workspace/colcon_ws/build/learning_topic': CMAKE_PREFIX_PATH=/opt/ros/foxy /usr/bin/cmake --install /home/suibian9106/mycodes/ros_workspace/colcon_ws/build/learning_topic
[48.408s] Level 1:colcon.colcon_core.environment:create_environment_scripts_only(learning_topic)
[48.410s] Level 1:colcon.colcon_core.environment:checking '/home/suibian9106/mycodes/ros_workspace/colcon_ws/install/learning_topic' for CMake module files
[48.413s] Level 1:colcon.colcon_core.environment:checking '/home/suibian9106/mycodes/ros_workspace/colcon_ws/install/learning_topic' for CMake config files
[48.416s] DEBUG:colcon.colcon_core.event_handler.log_command:Invoked command in '/home/suibian9106/mycodes/ros_workspace/colcon_ws/build/learning_topic' returned '0': CMAKE_PREFIX_PATH=/opt/ros/foxy /usr/bin/cmake --install /home/suibian9106/mycodes/ros_workspace/colcon_ws/build/learning_topic
[48.417s] Level 1:colcon.colcon_core.shell:create_environment_hook('learning_topic', 'cmake_prefix_path')
[48.417s] INFO:colcon.colcon_core.shell:Creating environment hook '/home/suibian9106/mycodes/ros_workspace/colcon_ws/install/learning_topic/share/learning_topic/hook/cmake_prefix_path.ps1'
[48.419s] INFO:colcon.colcon_core.shell:Creating environment descriptor '/home/suibian9106/mycodes/ros_workspace/colcon_ws/install/learning_topic/share/learning_topic/hook/cmake_prefix_path.dsv'
[48.421s] INFO:colcon.colcon_core.shell:Creating environment hook '/home/suibian9106/mycodes/ros_workspace/colcon_ws/install/learning_topic/share/learning_topic/hook/cmake_prefix_path.sh'
[48.423s] Level 1:colcon.colcon_core.environment:checking '/home/suibian9106/mycodes/ros_workspace/colcon_ws/install/learning_topic/lib'
[48.424s] Level 1:colcon.colcon_core.environment:checking '/home/suibian9106/mycodes/ros_workspace/colcon_ws/install/learning_topic/bin'
[48.424s] Level 1:colcon.colcon_core.environment:checking '/home/suibian9106/mycodes/ros_workspace/colcon_ws/install/learning_topic/lib/pkgconfig/learning_topic.pc'
[48.425s] Level 1:colcon.colcon_core.environment:checking '/home/suibian9106/mycodes/ros_workspace/colcon_ws/install/learning_topic/lib/python3.8/site-packages'
[48.426s] Level 1:colcon.colcon_core.environment:checking '/home/suibian9106/mycodes/ros_workspace/colcon_ws/install/learning_topic/bin'
[48.430s] INFO:colcon.colcon_core.shell:Creating package script '/home/suibian9106/mycodes/ros_workspace/colcon_ws/install/learning_topic/share/learning_topic/package.ps1'
[48.433s] INFO:colcon.colcon_core.shell:Creating package descriptor '/home/suibian9106/mycodes/ros_workspace/colcon_ws/install/learning_topic/share/learning_topic/package.dsv'
[48.434s] INFO:colcon.colcon_core.shell:Creating package script '/home/suibian9106/mycodes/ros_workspace/colcon_ws/install/learning_topic/share/learning_topic/package.sh'
[48.436s] INFO:colcon.colcon_core.shell:Creating package script '/home/suibian9106/mycodes/ros_workspace/colcon_ws/install/learning_topic/share/learning_topic/package.bash'
[48.438s] INFO:colcon.colcon_core.shell:Creating package script '/home/suibian9106/mycodes/ros_workspace/colcon_ws/install/learning_topic/share/learning_topic/package.zsh'
[48.440s] Level 1:colcon.colcon_core.environment:create_file_with_runtime_dependencies(/home/suibian9106/mycodes/ros_workspace/colcon_ws/install/learning_topic/share/colcon-core/packages/learning_topic)
[48.445s] Level 1:colcon.colcon_core.environment:create_environment_scripts_only(learning_topic)
[48.446s] Level 1:colcon.colcon_core.environment:checking '/home/suibian9106/mycodes/ros_workspace/colcon_ws/install/learning_topic' for CMake module files
[48.450s] Level 1:colcon.colcon_core.environment:checking '/home/suibian9106/mycodes/ros_workspace/colcon_ws/install/learning_topic' for CMake config files
[48.450s] Level 1:colcon.colcon_core.shell:create_environment_hook('learning_topic', 'cmake_prefix_path')
[48.452s] INFO:colcon.colcon_core.shell:Creating environment hook '/home/suibian9106/mycodes/ros_workspace/colcon_ws/install/learning_topic/share/learning_topic/hook/cmake_prefix_path.ps1'
[48.453s] INFO:colcon.colcon_core.shell:Creating environment descriptor '/home/suibian9106/mycodes/ros_workspace/colcon_ws/install/learning_topic/share/learning_topic/hook/cmake_prefix_path.dsv'
[48.455s] INFO:colcon.colcon_core.shell:Creating environment hook '/home/suibian9106/mycodes/ros_workspace/colcon_ws/install/learning_topic/share/learning_topic/hook/cmake_prefix_path.sh'
[48.460s] Level 1:colcon.colcon_core.environment:checking '/home/suibian9106/mycodes/ros_workspace/colcon_ws/install/learning_topic/lib'
[48.460s] Level 1:colcon.colcon_core.environment:checking '/home/suibian9106/mycodes/ros_workspace/colcon_ws/install/learning_topic/bin'
[48.460s] Level 1:colcon.colcon_core.environment:checking '/home/suibian9106/mycodes/ros_workspace/colcon_ws/install/learning_topic/lib/pkgconfig/learning_topic.pc'
[48.461s] Level 1:colcon.colcon_core.environment:checking '/home/suibian9106/mycodes/ros_workspace/colcon_ws/install/learning_topic/lib/python3.8/site-packages'
[48.462s] Level 1:colcon.colcon_core.environment:checking '/home/suibian9106/mycodes/ros_workspace/colcon_ws/install/learning_topic/bin'
[48.463s] INFO:colcon.colcon_core.shell:Creating package script '/home/suibian9106/mycodes/ros_workspace/colcon_ws/install/learning_topic/share/learning_topic/package.ps1'
[48.466s] INFO:colcon.colcon_core.shell:Creating package descriptor '/home/suibian9106/mycodes/ros_workspace/colcon_ws/install/learning_topic/share/learning_topic/package.dsv'
[48.468s] INFO:colcon.colcon_core.shell:Creating package script '/home/suibian9106/mycodes/ros_workspace/colcon_ws/install/learning_topic/share/learning_topic/package.sh'
[48.472s] INFO:colcon.colcon_core.shell:Creating package script '/home/suibian9106/mycodes/ros_workspace/colcon_ws/install/learning_topic/share/learning_topic/package.bash'
[48.478s] INFO:colcon.colcon_core.shell:Creating package script '/home/suibian9106/mycodes/ros_workspace/colcon_ws/install/learning_topic/share/learning_topic/package.zsh'
[48.480s] Level 1:colcon.colcon_core.environment:create_file_with_runtime_dependencies(/home/suibian9106/mycodes/ros_workspace/colcon_ws/install/learning_topic/share/colcon-core/packages/learning_topic)
[48.485s] DEBUG:colcon.colcon_parallel_executor.executor.parallel:closing loop
[48.498s] DEBUG:colcon.colcon_parallel_executor.executor.parallel:loop closed
[48.500s] DEBUG:colcon.colcon_parallel_executor.executor.parallel:run_until_complete finished with '0'
[48.518s] DEBUG:colcon.colcon_core.event_reactor:joining thread
[48.644s] INFO:colcon.colcon_core.plugin_system:Skipping extension 'colcon_notification.desktop_notification.terminal_notifier': Not used on non-Darwin systems
[48.644s] INFO:colcon.colcon_core.plugin_system:Skipping extension 'colcon_notification.desktop_notification.win32': Not used on non-Windows systems
[48.645s] INFO:colcon.colcon_notification.desktop_notification:Sending desktop notification using 'notify2'
[49.107s] DEBUG:colcon.colcon_core.event_reactor:joined thread
[49.111s] INFO:colcon.colcon_core.shell:Creating prefix script '/home/suibian9106/mycodes/ros_workspace/colcon_ws/install/local_setup.ps1'
[49.117s] INFO:colcon.colcon_core.shell:Creating prefix util module '/home/suibian9106/mycodes/ros_workspace/colcon_ws/install/_local_setup_util_ps1.py'
[49.133s] INFO:colcon.colcon_core.shell:Creating prefix chain script '/home/suibian9106/mycodes/ros_workspace/colcon_ws/install/setup.ps1'
[49.144s] INFO:colcon.colcon_core.shell:Creating prefix script '/home/suibian9106/mycodes/ros_workspace/colcon_ws/install/local_setup.sh'
[49.146s] INFO:colcon.colcon_core.shell:Creating prefix util module '/home/suibian9106/mycodes/ros_workspace/colcon_ws/install/_local_setup_util_sh.py'
[49.150s] INFO:colcon.colcon_core.shell:Creating prefix chain script '/home/suibian9106/mycodes/ros_workspace/colcon_ws/install/setup.sh'
[49.154s] INFO:colcon.colcon_core.shell:Creating prefix script '/home/suibian9106/mycodes/ros_workspace/colcon_ws/install/local_setup.bash'
[49.160s] INFO:colcon.colcon_core.shell:Creating prefix chain script '/home/suibian9106/mycodes/ros_workspace/colcon_ws/install/setup.bash'
[49.163s] INFO:colcon.colcon_core.shell:Creating prefix script '/home/suibian9106/mycodes/ros_workspace/colcon_ws/install/local_setup.zsh'
[49.166s] INFO:colcon.colcon_core.shell:Creating prefix chain script '/home/suibian9106/mycodes/ros_workspace/colcon_ws/install/setup.zsh'
